\BOOKMARK [1][-]{section.1}{\376\377\004\027\004\020\004\024\004\020\004\035\004\030\004\025\000\040\000\040}{}% 1
\BOOKMARK [2][-]{subsection.1.1}{\376\377\004\022\004\020\004\040\004\030\004\020\004\035\004\042\004\053\000\040\004\027\004\020\004\024\004\020\004\035\004\030\004\031\000\040\000\040}{section.1}% 2
\BOOKMARK [2][-]{subsection.1.2}{\376\377\004\024\004\036\004\037\004\036\004\033\004\035\004\030\004\042\004\025\004\033\004\054\004\035\004\036\004\025\000\040\004\027\004\020\004\024\004\020\004\035\004\030\004\025\000\040}{section.1}% 3
\BOOKMARK [1][-]{section.2}{\376\377\004\050\004\020\004\023\004\030\000\040\004\037\004\036\000\040\004\041\004\036\004\027\004\024\004\020\004\035\004\030\004\056\000\040\004\037\004\040\004\030\004\033\004\036\004\026\004\025\004\035\004\030\004\057\000\040\000\040}{}% 4
\BOOKMARK [2][-]{subsection.2.1}{\376\377\004\050\004\020\004\023\000\040\0001\000:\000\040\004\041\004\036\004\027\004\024\004\020\004\035\004\030\004\025\000\040\004\037\004\040\004\036\004\025\004\032\004\042\004\020}{section.2}% 5
\BOOKMARK [2][-]{subsection.2.2}{\376\377\004\050\004\020\004\023\000\040\0002\000:\000\040\004\024\004\036\004\021\004\020\004\022\004\033\004\025\004\035\004\030\004\025\000\040\004\044\004\020\004\031\004\033\004\036\004\022}{section.2}% 6
\BOOKMARK [3][-]{section*.4}{\376\377\004\041\004\036\004\027\004\024\004\020\004\035\004\030\004\025\000\040\004\037\004\020\004\037\004\032\004\030\000\040\000M\000o\000d\000e\000l\000s}{subsection.2.2}% 7
\BOOKMARK [3][-]{section*.6}{\376\377\004\032\004\033\004\020\004\041\004\041\004\053\000:\000\040\000P\000R\000O\000D\000U\000C\000T\000.\000C\000S\000,\000\040\000O\000R\000D\000E\000R\000.\000C\000S\000,\000\040\000O\000R\000D\000E\000R\000I\000T\000E\000M\000.\000C\000S}{subsection.2.2}% 8
\BOOKMARK [3][-]{section*.9}{\376\377\004\024\004\036\004\021\004\020\004\022\004\033\004\025\004\035\004\030\004\025\000\040\004\032\004\036\004\035\004\022\004\025\004\040\004\042\004\025\004\040\004\020}{subsection.2.2}% 9
\BOOKMARK [2][-]{subsection.2.3}{\376\377\004\050\004\020\004\023\000\040\0003\000:\000\040\004\040\004\025\004\020\004\033\004\030\004\027\004\020\004\046\004\030\004\057\000\040\004\030\004\035\004\042\004\025\004\040\004\044\004\025\004\031\004\041\004\020}{section.2}% 10
\BOOKMARK [2][-]{subsection.2.4}{\376\377\004\050\004\020\004\023\000\040\0004\000:\000\040\004\040\004\025\004\020\004\033\004\030\004\027\004\020\004\046\004\030\004\057\000\040\004\033\004\036\004\023\004\030\004\032\004\030}{section.2}% 11
\BOOKMARK [3][-]{section*.13}{\376\377\004\032\004\036\004\035\004\041\004\042\004\040\004\043\004\032\004\042\004\036\004\040}{subsection.2.4}% 12
\BOOKMARK [3][-]{section*.16}{\376\377\004\040\004\020\004\021\004\036\004\042\004\020\000\040\004\041\000\040\004\042\004\036\004\022\004\020\004\040\004\020\004\034\004\030\000\040\000\050\004\024\004\036\004\021\004\020\004\022\004\033\004\025\004\035\004\030\004\025\000,\000\040\004\036\004\021\004\035\004\036\004\022\004\033\004\025\004\035\004\030\004\057\000,\000\040\004\043\004\024\004\020\004\033\004\025\004\035\004\030\004\025\000\051}{subsection.2.4}% 13
\BOOKMARK [3][-]{section*.21}{\376\377\000\040\004\040\004\020\004\021\004\036\004\042\004\020\000\040\004\041\000\040\004\027\004\020\004\032\004\020\004\027\004\020\004\034\004\030\000\040\000\050\004\024\004\036\004\021\004\020\004\022\004\033\004\025\004\035\004\030\004\025\000,\000\040\004\036\004\021\004\035\004\036\004\022\004\033\004\025\004\035\004\030\004\025\000,\000\040\004\043\004\024\004\020\004\033\004\025\004\035\004\030\004\025\000\051}{subsection.2.4}% 14
\BOOKMARK [3][-]{section*.26}{\376\377\004\030\004\027\004\034\004\025\004\035\004\025\004\035\004\030\004\025\000\040\004\032\004\036\004\033\004\030\004\047\004\025\004\041\004\042\004\022\004\020\000\040\004\042\004\036\004\022\004\020\004\040\004\036\004\022\000\040\000\050\004\032\004\035\004\036\004\037\004\032\004\030\000\040\000<\000<\000+\000>\000>\000\040\004\030\000\040\000<\000<\000-\000>\000>\000\051}{subsection.2.4}% 15
\BOOKMARK [3][-]{section*.29}{\376\377\004\041\004\021\004\040\004\036\004\041\000\040\004\022\004\053\004\024\004\025\004\033\004\025\004\035\004\030\004\057\000\040\004\022\000\040\004\041\004\037\004\030\004\041\004\032\004\020\004\045}{subsection.2.4}% 16
\BOOKMARK [1][-]{section.3}{\376\377\004\024\004\025\004\034\004\036\004\035\004\041\004\042\004\040\004\020\004\046\004\030\004\057\000\040\004\040\004\020\004\021\004\036\004\042\004\053\000\040\000\040}{}% 17
\BOOKMARK [2][-]{subsection.3.1}{\376\377\004\024\004\036\004\021\004\020\004\022\004\033\004\025\004\035\004\030\004\025\000\040\004\042\004\036\004\022\004\020\004\040\004\036\004\022}{section.3}% 18
\BOOKMARK [2][-]{subsection.3.2}{\376\377\004\024\004\036\004\021\004\020\004\022\004\033\004\025\004\035\004\030\004\025\000\040\004\042\004\036\004\022\004\020\004\040\004\036\004\022\000\040\004\022\000\040\004\027\004\020\004\032\004\020\004\027}{section.3}% 19
\BOOKMARK [2][-]{subsection.3.3}{\376\377\004\041\004\036\004\027\004\024\004\020\004\035\004\030\004\025\000\040\004\027\004\020\004\032\004\020\004\027\004\020}{section.3}% 20
\BOOKMARK [2][-]{subsection.3.4}{\376\377\004\037\004\040\004\036\004\041\004\034\004\036\004\042\004\040\000\040\004\041\004\036\004\024\004\025\004\040\004\026\004\030\004\034\004\036\004\023\004\036\000\040\004\027\004\020\004\032\004\020\004\027\004\020}{section.3}% 21
\BOOKMARK [2][-]{subsection.3.5}{\376\377\004\043\004\024\004\020\004\033\004\025\004\035\004\030\004\025\000\040\004\042\004\036\004\022\004\020\004\040\004\036\004\022\000\040\004\030\004\027\000\040\004\027\004\020\004\032\004\020\004\027\004\020}{section.3}% 22
\BOOKMARK [2][-]{subsection.3.6}{\376\377\004\036\004\021\004\035\004\036\004\022\004\033\004\025\004\035\004\030\004\025\000\040\004\030\000\040\004\043\004\024\004\020\004\033\004\025\004\035\004\030\004\025\000\040\004\027\004\020\004\032\004\020\004\027\004\036\004\022}{section.3}% 23
