This is LuaHBTeX, Version 1.18.0 (TeX Live 2024/nixos.org)  (format=lualatex 1980.1.1)  1 JAN 1980 03:00
 restricted system commands enabled.
 file:line:error style messages enabled.
**lab3Handbook.tex
(./lab3Handbook.tex
LaTeX2e <2024-11-01> patch level 2
L3 programming layer <2025-01-18>
Lua module: luaotfload 2024-12-03 v3.29 Lua based OpenType font support
Lua module: lualibs 2023-07-13 v2.76 ConTeXt Lua standard libraries.
Lua module: lualibs-extended 2023-07-13 v2.76 ConTeXt Lua libraries -- extended collection.
luaotfload | conf : Root cache directory is "/home/replica/.texlive2024/texmf-var/luatex-cache/generic/names".
luaotfload | init : Loading fontloader "fontloader-2023-12-28.lua" from kpse-resolved path "/nix/store/lavaqw85ixs41sv6hv8qfzksj8n12r3w-texlive-combined-full-2024-final-texmfdist/tex/luatex/luaotfload/fontloader-2023-12-28.lua".
Lua-only attribute luaotfload@noligature = 1
luaotfload | init : Context OpenType loader version 3.134
Inserting `luaotfload.node_processor' in `pre_linebreak_filter'.
Inserting `luaotfload.node_processor' in `hpack_filter'.
Inserting `luaotfload.glyph_stream' in `glyph_stream_provider'.
Inserting `luaotfload.define_font' in `define_font'.
Lua-only attribute luaotfload_color_attribute = 2
luaotfload | conf : Root cache directory is "/home/replica/.texlive2024/texmf-var/luatex-cache/generic/names".
Inserting `luaotfload.harf.strip_prefix' in `find_opentype_file'.
Inserting `luaotfload.harf.strip_prefix' in `find_truetype_file'.
Removing  `luaotfload.glyph_stream' from `glyph_stream_provider'.
Inserting `luaotfload.harf.glyphstream' in `glyph_stream_provider'.
Inserting `luaotfload.harf.finalize_vlist' in `post_linebreak_filter'.
Inserting `luaotfload.harf.finalize_hlist' in `hpack_filter'.
Inserting `luaotfload.cleanup_files' in `wrapup_run'.
Inserting `luaotfload.harf.finalize_unicode' in `finish_pdffile'.
Inserting `luaotfload.glyphinfo' in `glyph_info'.
Lua-only attribute luaotfload.letterspace_done = 3
Inserting `luaotfload.aux.set_sscale_dimens' in `luaotfload.patch_font'.
Inserting `luaotfload.aux.set_font_index' in `luaotfload.patch_font'.
Inserting `luaotfload.aux.patch_cambria_domh' in `luaotfload.patch_font'.
Inserting `luaotfload.aux.fixup_fontdata' in `luaotfload.patch_font_unsafe'.
Inserting `luaotfload.aux.set_capheight' in `luaotfload.patch_font'.
Inserting `luaotfload.aux.set_xheight' in `luaotfload.patch_font'.
Inserting `luaotfload.rewrite_fontname' in `luaotfload.patch_font'.
Inserting `tracingstacklevels' in `input_level_string'. (/nix/store/lavaqw85ixs41sv6hv8qfzksj8n12r3w-texlive-combined-full-2024-final-texmfdist/tex/latex/base/article.cls
Document Class: article 2024/06/29 v1.4n Standard LaTeX document class
(/nix/store/lavaqw85ixs41sv6hv8qfzksj8n12r3w-texlive-combined-full-2024-final-texmfdist/tex/latex/base/size12.clo
File: size12.clo 2024/06/29 v1.4n Standard LaTeX file (size option)
luaotfload | db : Font names database loaded from /home/replica/.texlive2024/texmf-var/luatex-cache/generic/names/luaotfload-names.luc.gz)
\c@part=\count194
\c@section=\count195
\c@subsection=\count196
\c@subsubsection=\count197
\c@paragraph=\count198
\c@subparagraph=\count199
\c@figure=\count266
\c@table=\count267
\abovecaptionskip=\skip49
\belowcaptionskip=\skip50
\bibindent=\dimen140
) (/nix/store/lavaqw85ixs41sv6hv8qfzksj8n12r3w-texlive-combined-full-2024-final-texmfdist/tex/latex/tcolorbox/tcolorbox.sty
Package: tcolorbox 2024/10/22 version 6.4.1 text color boxes
 (/nix/store/lavaqw85ixs41sv6hv8qfzksj8n12r3w-texlive-combined-full-2024-final-texmfdist/tex/latex/pgf/frontendlayer/tikz.sty (/nix/store/lavaqw85ixs41sv6hv8qfzksj8n12r3w-texlive-combined-full-2024-final-texmfdist/tex/latex/pgf/basiclayer/pgf.sty (/nix/store/lavaqw85ixs41sv6hv8qfzksj8n12r3w-texlive-combined-full-2024-final-texmfdist/tex/latex/pgf/utilities/pgfrcs.sty (/nix/store/lavaqw85ixs41sv6hv8qfzksj8n12r3w-texlive-combined-full-2024-final-texmfdist/tex/generic/pgf/utilities/pgfutil-common.tex
\pgfutil@everybye=\toks17
\pgfutil@tempdima=\dimen141
\pgfutil@tempdimb=\dimen142
) (/nix/store/lavaqw85ixs41sv6hv8qfzksj8n12r3w-texlive-combined-full-2024-final-texmfdist/tex/generic/pgf/utilities/pgfutil-latex.def
\pgfutil@abb=\box52
) (/nix/store/lavaqw85ixs41sv6hv8qfzksj8n12r3w-texlive-combined-full-2024-final-texmfdist/tex/generic/pgf/utilities/pgfrcs.code.tex (/nix/store/lavaqw85ixs41sv6hv8qfzksj8n12r3w-texlive-combined-full-2024-final-texmfdist/tex/generic/pgf/pgf.revision.tex)
Package: pgfrcs 2023-01-15 v3.1.10 (3.1.10)
))
Package: pgf 2023-01-15 v3.1.10 (3.1.10)
 (/nix/store/lavaqw85ixs41sv6hv8qfzksj8n12r3w-texlive-combined-full-2024-final-texmfdist/tex/latex/pgf/basiclayer/pgfcore.sty (/nix/store/lavaqw85ixs41sv6hv8qfzksj8n12r3w-texlive-combined-full-2024-final-texmfdist/tex/latex/graphics/graphicx.sty
Package: graphicx 2021/09/16 v1.2d Enhanced LaTeX Graphics (DPC,SPQR)
 (/nix/store/lavaqw85ixs41sv6hv8qfzksj8n12r3w-texlive-combined-full-2024-final-texmfdist/tex/latex/graphics/keyval.sty
Package: keyval 2022/05/29 v1.15 key=value parser (DPC)
\KV@toks@=\toks18
) (/nix/store/lavaqw85ixs41sv6hv8qfzksj8n12r3w-texlive-combined-full-2024-final-texmfdist/tex/latex/graphics/graphics.sty
Package: graphics 2024/08/06 v1.4g Standard LaTeX Graphics (DPC,SPQR)
 (/nix/store/lavaqw85ixs41sv6hv8qfzksj8n12r3w-texlive-combined-full-2024-final-texmfdist/tex/latex/graphics/trig.sty
Package: trig 2023/12/02 v1.11 sin cos tan (DPC)
) (/nix/store/lavaqw85ixs41sv6hv8qfzksj8n12r3w-texlive-combined-full-2024-final-texmfdist/tex/latex/graphics-cfg/graphics.cfg
File: graphics.cfg 2016/06/04 v1.11 sample graphics configuration
)
Package graphics Info: Driver file: luatex.def on input line 106.
 (/nix/store/lavaqw85ixs41sv6hv8qfzksj8n12r3w-texlive-combined-full-2024-final-texmfdist/tex/latex/graphics-def/luatex.def
File: luatex.def 2024/04/13 v1.2e Graphics/color driver for luatex
))
\Gin@req@height=\dimen143
\Gin@req@width=\dimen144
)
(/nix/store/lavaqw85ixs41sv6hv8qfzksj8n12r3w-texlive-combined-full-2024-final-texmfdist/tex/latex/pgf/systemlayer/pgfsys.sty (/nix/store/lavaqw85ixs41sv6hv8qfzksj8n12r3w-texlive-combined-full-2024-final-texmfdist/tex/generic/pgf/systemlayer/pgfsys.code.tex
Package: pgfsys 2023-01-15 v3.1.10 (3.1.10)
 (/nix/store/lavaqw85ixs41sv6hv8qfzksj8n12r3w-texlive-combined-full-2024-final-texmfdist/tex/generic/pgf/utilities/pgfkeys.code.tex
\pgfkeys@pathtoks=\toks19
\pgfkeys@temptoks=\toks20
 (/nix/store/lavaqw85ixs41sv6hv8qfzksj8n12r3w-texlive-combined-full-2024-final-texmfdist/tex/generic/pgf/utilities/pgfkeyslibraryfiltered.code.tex
\pgfkeys@tmptoks=\toks21
))
\pgf@x=\dimen145
\pgf@y=\dimen146
\pgf@xa=\dimen147
\pgf@ya=\dimen148
\pgf@xb=\dimen149
\pgf@yb=\dimen150
\pgf@xc=\dimen151
\pgf@yc=\dimen152
\pgf@xd=\dimen153
\pgf@yd=\dimen154
\w@pgf@writea=\write3
\r@pgf@reada=\read2
\c@pgf@counta=\count268
\c@pgf@countb=\count269
\c@pgf@countc=\count270
\c@pgf@countd=\count271
\t@pgf@toka=\toks22
\t@pgf@tokb=\toks23
\t@pgf@tokc=\toks24
\pgf@sys@id@count=\count272
 (/nix/store/lavaqw85ixs41sv6hv8qfzksj8n12r3w-texlive-combined-full-2024-final-texmfdist/tex/generic/pgf/systemlayer/pgf.cfg
File: pgf.cfg 2023-01-15 v3.1.10 (3.1.10)
)
Driver file for pgf: pgfsys-luatex.def
 (/nix/store/lavaqw85ixs41sv6hv8qfzksj8n12r3w-texlive-combined-full-2024-final-texmfdist/tex/generic/pgf/systemlayer/pgfsys-luatex.def
File: pgfsys-luatex.def 2023-01-15 v3.1.10 (3.1.10)
 (/nix/store/lavaqw85ixs41sv6hv8qfzksj8n12r3w-texlive-combined-full-2024-final-texmfdist/tex/generic/pgf/systemlayer/pgfsys-common-pdf.def
File: pgfsys-common-pdf.def 2023-01-15 v3.1.10 (3.1.10)
))) (/nix/store/lavaqw85ixs41sv6hv8qfzksj8n12r3w-texlive-combined-full-2024-final-texmfdist/tex/generic/pgf/systemlayer/pgfsyssoftpath.code.tex
File: pgfsyssoftpath.code.tex 2023-01-15 v3.1.10 (3.1.10)
\pgfsyssoftpath@smallbuffer@items=\count273
\pgfsyssoftpath@bigbuffer@items=\count274
) (/nix/store/lavaqw85ixs41sv6hv8qfzksj8n12r3w-texlive-combined-full-2024-final-texmfdist/tex/generic/pgf/systemlayer/pgfsysprotocol.code.tex
File: pgfsysprotocol.code.tex 2023-01-15 v3.1.10 (3.1.10)
)) (/nix/store/lavaqw85ixs41sv6hv8qfzksj8n12r3w-texlive-combined-full-2024-final-texmfdist/tex/latex/xcolor/xcolor.sty
Package: xcolor 2024/09/29 v3.02 LaTeX color extensions (UK)
 (/nix/store/lavaqw85ixs41sv6hv8qfzksj8n12r3w-texlive-combined-full-2024-final-texmfdist/tex/latex/graphics-cfg/color.cfg
File: color.cfg 2016/01/02 v1.6 sample color configuration
)
Package xcolor Info: Driver file: luatex.def on input line 274.
 (/nix/store/lavaqw85ixs41sv6hv8qfzksj8n12r3w-texlive-combined-full-2024-final-texmfdist/tex/latex/graphics/mathcolor.ltx)
Package xcolor Info: Model `cmy' substituted by `cmy0' on input line 1349.
Package xcolor Info: Model `hsb' substituted by `rgb' on input line 1353.
Package xcolor Info: Model `RGB' extended on input line 1365.
Package xcolor Info: Model `HTML' substituted by `rgb' on input line 1367.
Package xcolor Info: Model `Hsb' substituted by `hsb' on input line 1368.
Package xcolor Info: Model `tHsb' substituted by `hsb' on input line 1369.
Package xcolor Info: Model `HSB' substituted by `hsb' on input line 1370.
Package xcolor Info: Model `Gray' substituted by `gray' on input line 1371.
Package xcolor Info: Model `wave' substituted by `hsb' on input line 1372.
) (/nix/store/lavaqw85ixs41sv6hv8qfzksj8n12r3w-texlive-combined-full-2024-final-texmfdist/tex/generic/pgf/basiclayer/pgfcore.code.tex
Package: pgfcore 2023-01-15 v3.1.10 (3.1.10)
 (/nix/store/lavaqw85ixs41sv6hv8qfzksj8n12r3w-texlive-combined-full-2024-final-texmfdist/tex/generic/pgf/math/pgfmath.code.tex (/nix/store/lavaqw85ixs41sv6hv8qfzksj8n12r3w-texlive-combined-full-2024-final-texmfdist/tex/generic/pgf/math/pgfmathutil.code.tex)
(/nix/store/lavaqw85ixs41sv6hv8qfzksj8n12r3w-texlive-combined-full-2024-final-texmfdist/tex/generic/pgf/math/pgfmathparser.code.tex
\pgfmath@dimen=\dimen155
\pgfmath@count=\count275
\pgfmath@box=\box53
\pgfmath@toks=\toks25
\pgfmath@stack@operand=\toks26
\pgfmath@stack@operation=\toks27
) (/nix/store/lavaqw85ixs41sv6hv8qfzksj8n12r3w-texlive-combined-full-2024-final-texmfdist/tex/generic/pgf/math/pgfmathfunctions.code.tex) (/nix/store/lavaqw85ixs41sv6hv8qfzksj8n12r3w-texlive-combined-full-2024-final-texmfdist/tex/generic/pgf/math/pgfmathfunctions.basic.code.tex) (/nix/store/lavaqw85ixs41sv6hv8qfzksj8n12r3w-texlive-combined-full-2024-final-texmfdist/tex/generic/pgf/math/pgfmathfunctions.trigonometric.code.tex) (/nix/store/lavaqw85ixs41sv6hv8qfzksj8n12r3w-texlive-combined-full-2024-final-texmfdist/tex/generic/pgf/math/pgfmathfunctions.random.code.tex) (/nix/store/lavaqw85ixs41sv6hv8qfzksj8n12r3w-texlive-combined-full-2024-final-texmfdist/tex/generic/pgf/math/pgfmathfunctions.comparison.code.tex) (/nix/store/lavaqw85ixs41sv6hv8qfzksj8n12r3w-texlive-combined-full-2024-final-texmfdist/tex/generic/pgf/math/pgfmathfunctions.base.code.tex) (/nix/store/lavaqw85ixs41sv6hv8qfzksj8n12r3w-texlive-combined-full-2024-final-texmfdist/tex/generic/pgf/math/pgfmathfunctions.round.code.tex) (/nix/store/lavaqw85ixs41sv6hv8qfzksj8n12r3w-texlive-combined-full-2024-final-texmfdist/tex/generic/pgf/math/pgfmathfunctions.misc.code.tex) (/nix/store/lavaqw85ixs41sv6hv8qfzksj8n12r3w-texlive-combined-full-2024-final-texmfdist/tex/generic/pgf/math/pgfmathfunctions.integerarithmetics.code.tex) (/nix/store/lavaqw85ixs41sv6hv8qfzksj8n12r3w-texlive-combined-full-2024-final-texmfdist/tex/generic/pgf/math/pgfmathcalc.code.tex) (/nix/store/lavaqw85ixs41sv6hv8qfzksj8n12r3w-texlive-combined-full-2024-final-texmfdist/tex/generic/pgf/math/pgfmathfloat.code.tex
\c@pgfmathroundto@lastzeros=\count276
)) (/nix/store/lavaqw85ixs41sv6hv8qfzksj8n12r3w-texlive-combined-full-2024-final-texmfdist/tex/generic/pgf/math/pgfint.code.tex) (/nix/store/lavaqw85ixs41sv6hv8qfzksj8n12r3w-texlive-combined-full-2024-final-texmfdist/tex/generic/pgf/basiclayer/pgfcorepoints.code.tex
File: pgfcorepoints.code.tex 2023-01-15 v3.1.10 (3.1.10)
\pgf@picminx=\dimen156
\pgf@picmaxx=\dimen157
\pgf@picminy=\dimen158
\pgf@picmaxy=\dimen159
\pgf@pathminx=\dimen160
\pgf@pathmaxx=\dimen161
\pgf@pathminy=\dimen162
\pgf@pathmaxy=\dimen163
\pgf@xx=\dimen164
\pgf@xy=\dimen165
\pgf@yx=\dimen166
\pgf@yy=\dimen167
\pgf@zx=\dimen168
\pgf@zy=\dimen169
)
(/nix/store/lavaqw85ixs41sv6hv8qfzksj8n12r3w-texlive-combined-full-2024-final-texmfdist/tex/generic/pgf/basiclayer/pgfcorepathconstruct.code.tex
File: pgfcorepathconstruct.code.tex 2023-01-15 v3.1.10 (3.1.10)
\pgf@path@lastx=\dimen170
\pgf@path@lasty=\dimen171
) (/nix/store/lavaqw85ixs41sv6hv8qfzksj8n12r3w-texlive-combined-full-2024-final-texmfdist/tex/generic/pgf/basiclayer/pgfcorepathusage.code.tex
File: pgfcorepathusage.code.tex 2023-01-15 v3.1.10 (3.1.10)
\pgf@shorten@end@additional=\dimen172
\pgf@shorten@start@additional=\dimen173
) (/nix/store/lavaqw85ixs41sv6hv8qfzksj8n12r3w-texlive-combined-full-2024-final-texmfdist/tex/generic/pgf/basiclayer/pgfcorescopes.code.tex
File: pgfcorescopes.code.tex 2023-01-15 v3.1.10 (3.1.10)
\pgfpic=\box54
\pgf@hbox=\box55
\pgf@layerbox@main=\box56
\pgf@picture@serial@count=\count277
) (/nix/store/lavaqw85ixs41sv6hv8qfzksj8n12r3w-texlive-combined-full-2024-final-texmfdist/tex/generic/pgf/basiclayer/pgfcoregraphicstate.code.tex
File: pgfcoregraphicstate.code.tex 2023-01-15 v3.1.10 (3.1.10)
\pgflinewidth=\dimen174
) (/nix/store/lavaqw85ixs41sv6hv8qfzksj8n12r3w-texlive-combined-full-2024-final-texmfdist/tex/generic/pgf/basiclayer/pgfcoretransformations.code.tex
File: pgfcoretransformations.code.tex 2023-01-15 v3.1.10 (3.1.10)
\pgf@pt@x=\dimen175
\pgf@pt@y=\dimen176
\pgf@pt@temp=\dimen177
) (/nix/store/lavaqw85ixs41sv6hv8qfzksj8n12r3w-texlive-combined-full-2024-final-texmfdist/tex/generic/pgf/basiclayer/pgfcorequick.code.tex
File: pgfcorequick.code.tex 2023-01-15 v3.1.10 (3.1.10)
) (/nix/store/lavaqw85ixs41sv6hv8qfzksj8n12r3w-texlive-combined-full-2024-final-texmfdist/tex/generic/pgf/basiclayer/pgfcoreobjects.code.tex
File: pgfcoreobjects.code.tex 2023-01-15 v3.1.10 (3.1.10)
) (/nix/store/lavaqw85ixs41sv6hv8qfzksj8n12r3w-texlive-combined-full-2024-final-texmfdist/tex/generic/pgf/basiclayer/pgfcorepathprocessing.code.tex
File: pgfcorepathprocessing.code.tex 2023-01-15 v3.1.10 (3.1.10)
) (/nix/store/lavaqw85ixs41sv6hv8qfzksj8n12r3w-texlive-combined-full-2024-final-texmfdist/tex/generic/pgf/basiclayer/pgfcorearrows.code.tex
File: pgfcorearrows.code.tex 2023-01-15 v3.1.10 (3.1.10)
\pgfarrowsep=\dimen178
) (/nix/store/lavaqw85ixs41sv6hv8qfzksj8n12r3w-texlive-combined-full-2024-final-texmfdist/tex/generic/pgf/basiclayer/pgfcoreshade.code.tex
File: pgfcoreshade.code.tex 2023-01-15 v3.1.10 (3.1.10)
\pgf@max=\dimen179
\pgf@sys@shading@range@num=\count278
\pgf@shadingcount=\count279
) (/nix/store/lavaqw85ixs41sv6hv8qfzksj8n12r3w-texlive-combined-full-2024-final-texmfdist/tex/generic/pgf/basiclayer/pgfcoreimage.code.tex
File: pgfcoreimage.code.tex 2023-01-15 v3.1.10 (3.1.10)
) (/nix/store/lavaqw85ixs41sv6hv8qfzksj8n12r3w-texlive-combined-full-2024-final-texmfdist/tex/generic/pgf/basiclayer/pgfcoreexternal.code.tex
File: pgfcoreexternal.code.tex 2023-01-15 v3.1.10 (3.1.10)
\pgfexternal@startupbox=\box57
) (/nix/store/lavaqw85ixs41sv6hv8qfzksj8n12r3w-texlive-combined-full-2024-final-texmfdist/tex/generic/pgf/basiclayer/pgfcorelayers.code.tex
File: pgfcorelayers.code.tex 2023-01-15 v3.1.10 (3.1.10)
) (/nix/store/lavaqw85ixs41sv6hv8qfzksj8n12r3w-texlive-combined-full-2024-final-texmfdist/tex/generic/pgf/basiclayer/pgfcoretransparency.code.tex
File: pgfcoretransparency.code.tex 2023-01-15 v3.1.10 (3.1.10)
)
(/nix/store/lavaqw85ixs41sv6hv8qfzksj8n12r3w-texlive-combined-full-2024-final-texmfdist/tex/generic/pgf/basiclayer/pgfcorepatterns.code.tex
File: pgfcorepatterns.code.tex 2023-01-15 v3.1.10 (3.1.10)
) (/nix/store/lavaqw85ixs41sv6hv8qfzksj8n12r3w-texlive-combined-full-2024-final-texmfdist/tex/generic/pgf/basiclayer/pgfcorerdf.code.tex
File: pgfcorerdf.code.tex 2023-01-15 v3.1.10 (3.1.10)
))) (/nix/store/lavaqw85ixs41sv6hv8qfzksj8n12r3w-texlive-combined-full-2024-final-texmfdist/tex/generic/pgf/modules/pgfmoduleshapes.code.tex
File: pgfmoduleshapes.code.tex 2023-01-15 v3.1.10 (3.1.10)
\pgfnodeparttextbox=\box58
) (/nix/store/lavaqw85ixs41sv6hv8qfzksj8n12r3w-texlive-combined-full-2024-final-texmfdist/tex/generic/pgf/modules/pgfmoduleplot.code.tex
File: pgfmoduleplot.code.tex 2023-01-15 v3.1.10 (3.1.10)
) (/nix/store/lavaqw85ixs41sv6hv8qfzksj8n12r3w-texlive-combined-full-2024-final-texmfdist/tex/latex/pgf/compatibility/pgfcomp-version-0-65.sty
Package: pgfcomp-version-0-65 2023-01-15 v3.1.10 (3.1.10)
\pgf@nodesepstart=\dimen180
\pgf@nodesepend=\dimen181
) (/nix/store/lavaqw85ixs41sv6hv8qfzksj8n12r3w-texlive-combined-full-2024-final-texmfdist/tex/latex/pgf/compatibility/pgfcomp-version-1-18.sty
Package: pgfcomp-version-1-18 2023-01-15 v3.1.10 (3.1.10)
)) (/nix/store/lavaqw85ixs41sv6hv8qfzksj8n12r3w-texlive-combined-full-2024-final-texmfdist/tex/latex/pgf/utilities/pgffor.sty (/nix/store/lavaqw85ixs41sv6hv8qfzksj8n12r3w-texlive-combined-full-2024-final-texmfdist/tex/latex/pgf/utilities/pgfkeys.sty (/nix/store/lavaqw85ixs41sv6hv8qfzksj8n12r3w-texlive-combined-full-2024-final-texmfdist/tex/generic/pgf/utilities/pgfkeys.code.tex)) (/nix/store/lavaqw85ixs41sv6hv8qfzksj8n12r3w-texlive-combined-full-2024-final-texmfdist/tex/latex/pgf/math/pgfmath.sty (/nix/store/lavaqw85ixs41sv6hv8qfzksj8n12r3w-texlive-combined-full-2024-final-texmfdist/tex/generic/pgf/math/pgfmath.code.tex)) (/nix/store/lavaqw85ixs41sv6hv8qfzksj8n12r3w-texlive-combined-full-2024-final-texmfdist/tex/generic/pgf/utilities/pgffor.code.tex
Package: pgffor 2023-01-15 v3.1.10 (3.1.10)
\pgffor@iter=\dimen182
\pgffor@skip=\dimen183
\pgffor@stack=\toks28
\pgffor@toks=\toks29
)) (/nix/store/lavaqw85ixs41sv6hv8qfzksj8n12r3w-texlive-combined-full-2024-final-texmfdist/tex/generic/pgf/frontendlayer/tikz/tikz.code.tex
Package: tikz 2023-01-15 v3.1.10 (3.1.10)
 (/nix/store/lavaqw85ixs41sv6hv8qfzksj8n12r3w-texlive-combined-full-2024-final-texmfdist/tex/generic/pgf/libraries/pgflibraryplothandlers.code.tex
File: pgflibraryplothandlers.code.tex 2023-01-15 v3.1.10 (3.1.10)
\pgf@plot@mark@count=\count280
\pgfplotmarksize=\dimen184
)
\tikz@lastx=\dimen185
\tikz@lasty=\dimen186
\tikz@lastxsaved=\dimen187
\tikz@lastysaved=\dimen188
\tikz@lastmovetox=\dimen189
\tikz@lastmovetoy=\dimen190
\tikzleveldistance=\dimen191
\tikzsiblingdistance=\dimen192
\tikz@figbox=\box59
\tikz@figbox@bg=\box60
\tikz@tempbox=\box61
\tikz@tempbox@bg=\box62
\tikztreelevel=\count281
\tikznumberofchildren=\count282
\tikznumberofcurrentchild=\count283
\tikz@fig@count=\count284

(/nix/store/lavaqw85ixs41sv6hv8qfzksj8n12r3w-texlive-combined-full-2024-final-texmfdist/tex/generic/pgf/modules/pgfmodulematrix.code.tex
File: pgfmodulematrix.code.tex 2023-01-15 v3.1.10 (3.1.10)
\pgfmatrixcurrentrow=\count285
\pgfmatrixcurrentcolumn=\count286
\pgf@matrix@numberofcolumns=\count287
)
\tikz@expandcount=\count288
 (/nix/store/lavaqw85ixs41sv6hv8qfzksj8n12r3w-texlive-combined-full-2024-final-texmfdist/tex/generic/pgf/frontendlayer/tikz/libraries/tikzlibrarytopaths.code.tex
File: tikzlibrarytopaths.code.tex 2023-01-15 v3.1.10 (3.1.10)
))) (/nix/store/lavaqw85ixs41sv6hv8qfzksj8n12r3w-texlive-combined-full-2024-final-texmfdist/tex/latex/tools/verbatim.sty
Package: verbatim 2024-01-22 v1.5x LaTeX2e package for verbatim enhancements
\every@verbatim=\toks30
\verbatim@line=\toks31
\verbatim@in@stream=\read3
) (/nix/store/lavaqw85ixs41sv6hv8qfzksj8n12r3w-texlive-combined-full-2024-final-texmfdist/tex/latex/environ/environ.sty
Package: environ 2014/05/04 v0.3 A new way to define environments
 (/nix/store/lavaqw85ixs41sv6hv8qfzksj8n12r3w-texlive-combined-full-2024-final-texmfdist/tex/latex/trimspaces/trimspaces.sty
Package: trimspaces 2009/09/17 v1.1 Trim spaces around a token list
)
\@envbody=\toks32
) (/nix/store/lavaqw85ixs41sv6hv8qfzksj8n12r3w-texlive-combined-full-2024-final-texmfdist/tex/latex/etoolbox/etoolbox.sty
Package: etoolbox 2025/02/11 v2.5l e-TeX tools for LaTeX (JAW)
\etb@tempcnta=\count289
)
\tcb@titlebox=\box63
\tcb@upperbox=\box64
\tcb@lowerbox=\box65
\tcb@phantombox=\box66
\c@tcbbreakpart=\count290
\c@tcblayer=\count291
\c@tcolorbox@number=\count292
\l__tcobox_tmpa_box=\box67
\l__tcobox_tmpa_dim=\dimen193
\tcb@temp=\box68
\tcb@temp=\box69
\tcb@temp=\box70
\tcb@temp=\box71
 (/nix/store/lavaqw85ixs41sv6hv8qfzksj8n12r3w-texlive-combined-full-2024-final-texmfdist/tex/latex/tcolorbox/tcbraster.code.tex
Library (tcolorbox): 'tcbraster.code.tex' version '6.4.1'
\c@tcbrastercolumn=\count293
\c@tcbrasterrow=\count294
\c@tcbrasternum=\count295
\c@tcbraster=\count296
) (/nix/store/lavaqw85ixs41sv6hv8qfzksj8n12r3w-texlive-combined-full-2024-final-texmfdist/tex/latex/tcolorbox/tcbskins.code.tex
Library (tcolorbox): 'tcbskins.code.tex' version '6.4.1'
(/nix/store/lavaqw85ixs41sv6hv8qfzksj8n12r3w-texlive-combined-full-2024-final-texmfdist/tex/latex/tikzfill/tikzfill.image.sty
Package: tikzfill.image 2023/08/08 v1.0.1 Image filling library for TikZ
 (/nix/store/lavaqw85ixs41sv6hv8qfzksj8n12r3w-texlive-combined-full-2024-final-texmfdist/tex/latex/tikzfill/tikzfill-common.sty
Package: tikzfill-common 2023/08/08 v1.0.1 Auxiliary code for tikzfill
) (/nix/store/lavaqw85ixs41sv6hv8qfzksj8n12r3w-texlive-combined-full-2024-final-texmfdist/tex/latex/tikzfill/tikzlibraryfill.image.code.tex
File: tikzlibraryfill.image.code.tex 2023/08/08 v1.0.1 Image filling library
\l__tikzfill_img_box=\box72
)) (/nix/store/lavaqw85ixs41sv6hv8qfzksj8n12r3w-texlive-combined-full-2024-final-texmfdist/tex/latex/tcolorbox/tcbskinsjigsaw.code.tex
Library (tcolorbox): 'tcbskinsjigsaw.code.tex' version '6.4.1'
)) (/nix/store/lavaqw85ixs41sv6hv8qfzksj8n12r3w-texlive-combined-full-2024-final-texmfdist/tex/latex/tcolorbox/tcbbreakable.code.tex
Library (tcolorbox): 'tcbbreakable.code.tex' version '6.4.1'
(/nix/store/lavaqw85ixs41sv6hv8qfzksj8n12r3w-texlive-combined-full-2024-final-texmfdist/tex/latex/pdfcol/pdfcol.sty
Package: pdfcol 2022-09-21 v1.7 Handle new color stacks for pdfTeX (HO)
 (/nix/store/lavaqw85ixs41sv6hv8qfzksj8n12r3w-texlive-combined-full-2024-final-texmfdist/tex/generic/ltxcmds/ltxcmds.sty
Package: ltxcmds 2023-12-04 v1.26 LaTeX kernel commands for general use (HO)
) (/nix/store/lavaqw85ixs41sv6hv8qfzksj8n12r3w-texlive-combined-full-2024-final-texmfdist/tex/generic/infwarerr/infwarerr.sty
Package: infwarerr 2019/12/03 v1.5 Providing info/warning/error messages (HO)
) (/nix/store/lavaqw85ixs41sv6hv8qfzksj8n12r3w-texlive-combined-full-2024-final-texmfdist/tex/generic/iftex/iftex.sty
Package: iftex 2024/12/12 v1.0g TeX engine tests
))
Package pdfcol Info: New color stack `tcb@breakable' = 1 on input line 23.
\tcb@testbox=\box73
\tcb@totalupperbox=\box74
\tcb@totallowerbox=\box75
 (/nix/store/lavaqw85ixs41sv6hv8qfzksj8n12r3w-texlive-combined-full-2024-final-texmfdist/tex/generic/iftex/ifluatex.sty
Package: ifluatex 2019/10/25 v1.5 ifluatex legacy package. Use iftex instead.
)) (/nix/store/lavaqw85ixs41sv6hv8qfzksj8n12r3w-texlive-combined-full-2024-final-texmfdist/tex/latex/tcolorbox/tcbhooks.code.tex
Library (tcolorbox): 'tcbhooks.code.tex' version '6.4.1'
) (/nix/store/lavaqw85ixs41sv6hv8qfzksj8n12r3w-texlive-combined-full-2024-final-texmfdist/tex/latex/tcolorbox/tcbtheorems.code.tex
Library (tcolorbox): 'tcbtheorems.code.tex' version '6.4.1'
(/nix/store/lavaqw85ixs41sv6hv8qfzksj8n12r3w-texlive-combined-full-2024-final-texmfdist/tex/latex/amsmath/amsmath.sty
Package: amsmath 2024/11/05 v2.17t AMS math features
\@mathmargin=\skip51

For additional information on amsmath, use the `?' option.
(/nix/store/lavaqw85ixs41sv6hv8qfzksj8n12r3w-texlive-combined-full-2024-final-texmfdist/tex/latex/amsmath/amstext.sty
Package: amstext 2021/08/26 v2.01 AMS text
 (/nix/store/lavaqw85ixs41sv6hv8qfzksj8n12r3w-texlive-combined-full-2024-final-texmfdist/tex/latex/amsmath/amsgen.sty
File: amsgen.sty 1999/11/30 v2.0 generic functions
\@emptytoks=\toks33
\ex@=\dimen194
)) (/nix/store/lavaqw85ixs41sv6hv8qfzksj8n12r3w-texlive-combined-full-2024-final-texmfdist/tex/latex/amsmath/amsbsy.sty
Package: amsbsy 1999/11/29 v1.2d Bold Symbols
\pmbraise@=\dimen195
) (/nix/store/lavaqw85ixs41sv6hv8qfzksj8n12r3w-texlive-combined-full-2024-final-texmfdist/tex/latex/amsmath/amsopn.sty
Package: amsopn 2022/04/08 v2.04 operator names
)
\inf@bad=\count297
LaTeX Info: Redefining \frac on input line 235.
\uproot@=\count298
\leftroot@=\count299
LaTeX Info: Redefining \overline on input line 398.
LaTeX Info: Redefining \colon on input line 409.
\classnum@=\count300
\DOTSCASE@=\count301
LaTeX Info: Redefining \ldots on input line 495.
LaTeX Info: Redefining \dots on input line 498.
LaTeX Info: Redefining \cdots on input line 619.
\Mathstrutbox@=\box76
\strutbox@=\box77
LaTeX Info: Redefining \big on input line 721.
LaTeX Info: Redefining \Big on input line 722.
LaTeX Info: Redefining \bigg on input line 723.
LaTeX Info: Redefining \Bigg on input line 724.
\big@size=\dimen196
LaTeX Font Info:    Redeclaring font encoding OML on input line 742.
LaTeX Font Info:    Redeclaring font encoding OMS on input line 743.
\macc@depth=\count302
LaTeX Info: Redefining \bmod on input line 904.
LaTeX Info: Redefining \pmod on input line 909.
LaTeX Info: Redefining \smash on input line 939.
LaTeX Info: Redefining \relbar on input line 969.
LaTeX Info: Redefining \Relbar on input line 970.
\c@MaxMatrixCols=\count303
\dotsspace@=\muskip17
\c@parentequation=\count304
\dspbrk@lvl=\count305
\tag@help=\toks34
\row@=\count306
\column@=\count307
\maxfields@=\count308
\andhelp@=\toks35
\eqnshift@=\dimen197
\alignsep@=\dimen198
\tagshift@=\dimen199
\tagwidth@=\dimen256
\totwidth@=\dimen257
\lineht@=\dimen258
\@envbody=\toks36
\multlinegap=\skip52
\multlinetaggap=\skip53
\mathdisplay@stack=\toks37
LaTeX Info: Redefining \[ on input line 2953.
LaTeX Info: Redefining \] on input line 2954.
)) (/nix/store/lavaqw85ixs41sv6hv8qfzksj8n12r3w-texlive-combined-full-2024-final-texmfdist/tex/latex/tcolorbox/tcbfitting.code.tex
Library (tcolorbox): 'tcbfitting.code.tex' version '6.4.1'
\tcbfitdim=\dimen259
\tcb@lowerfitdim=\dimen260
\tcb@upperfitdim=\dimen261
\tcb@cur@hbadness=\count309
) (/nix/store/lavaqw85ixs41sv6hv8qfzksj8n12r3w-texlive-combined-full-2024-final-texmfdist/tex/latex/tcolorbox/tcblistingsutf8.code.tex
Library (tcolorbox): 'tcblistingsutf8.code.tex' version '6.4.1'
(/nix/store/lavaqw85ixs41sv6hv8qfzksj8n12r3w-texlive-combined-full-2024-final-texmfdist/tex/latex/tcolorbox/tcblistings.code.tex
Library (tcolorbox): 'tcblistings.code.tex' version '6.4.1'
(/nix/store/lavaqw85ixs41sv6hv8qfzksj8n12r3w-texlive-combined-full-2024-final-texmfdist/tex/latex/listings/listings.sty
\lst@mode=\count310
\lst@gtempboxa=\box78
\lst@token=\toks38
\lst@length=\count311
\lst@currlwidth=\dimen262
\lst@column=\count312
\lst@pos=\count313
\lst@lostspace=\dimen263
\lst@width=\dimen264
\lst@newlines=\count314
\lst@lineno=\count315
\lst@maxwidth=\dimen265
 (/nix/store/lavaqw85ixs41sv6hv8qfzksj8n12r3w-texlive-combined-full-2024-final-texmfdist/tex/latex/listings/lstpatch.sty
File: lstpatch.sty 2024/09/23 1.10c (Carsten Heinz)
) (/nix/store/lavaqw85ixs41sv6hv8qfzksj8n12r3w-texlive-combined-full-2024-final-texmfdist/tex/latex/listings/lstmisc.sty
File: lstmisc.sty 2024/09/23 1.10c (Carsten Heinz)
\c@lstnumber=\count316
\lst@skipnumbers=\count317
\lst@framebox=\box79
) (/nix/store/lavaqw85ixs41sv6hv8qfzksj8n12r3w-texlive-combined-full-2024-final-texmfdist/tex/latex/listings/listings.cfg
File: listings.cfg 2024/09/23 1.10c listings configuration
))
Package: listings 2024/09/23 1.10c (Carsten Heinz)
 (/nix/store/lavaqw85ixs41sv6hv8qfzksj8n12r3w-texlive-combined-full-2024-final-texmfdist/tex/latex/tcolorbox/tcblistingscore.code.tex
Library (tcolorbox): 'tcblistingscore.code.tex' version '6.4.1'
(/nix/store/lavaqw85ixs41sv6hv8qfzksj8n12r3w-texlive-combined-full-2024-final-texmfdist/tex/latex/tcolorbox/tcbprocessing.code.tex
Library (tcolorbox): 'tcbprocessing.code.tex' version '6.4.1'
)
\c@tcblisting=\count318
))
Package tcolorbox Info: Library `listingsutf8' is compatible with pdftex only. Library `listings` is loaded instead. on input line 29.
) (/nix/store/lavaqw85ixs41sv6hv8qfzksj8n12r3w-texlive-combined-full-2024-final-texmfdist/tex/latex/tcolorbox/tcbexternal.code.tex
Library (tcolorbox): 'tcbexternal.code.tex' version '6.4.1'
) (/nix/store/lavaqw85ixs41sv6hv8qfzksj8n12r3w-texlive-combined-full-2024-final-texmfdist/tex/latex/tcolorbox/tcbmagazine.code.tex
Library (tcolorbox): 'tcbmagazine.code.tex' version '6.4.1'
) (/nix/store/lavaqw85ixs41sv6hv8qfzksj8n12r3w-texlive-combined-full-2024-final-texmfdist/tex/latex/tcolorbox/tcbvignette.code.tex
Library (tcolorbox): 'tcbvignette.code.tex' version '6.4.1'
(/nix/store/lavaqw85ixs41sv6hv8qfzksj8n12r3w-texlive-combined-full-2024-final-texmfdist/tex/generic/pgf/frontendlayer/tikz/libraries/tikzlibraryfadings.code.tex
File: tikzlibraryfadings.code.tex 2023-01-15 v3.1.10 (3.1.10)
 (/nix/store/lavaqw85ixs41sv6hv8qfzksj8n12r3w-texlive-combined-full-2024-final-texmfdist/tex/generic/pgf/libraries/pgflibraryfadings.code.tex
File: pgflibraryfadings.code.tex 2023-01-15 v3.1.10 (3.1.10)
))) (/nix/store/lavaqw85ixs41sv6hv8qfzksj8n12r3w-texlive-combined-full-2024-final-texmfdist/tex/latex/tcolorbox/tcbposter.code.tex
Library (tcolorbox): 'tcbposter.code.tex' version '6.4.1'
)) (/nix/store/lavaqw85ixs41sv6hv8qfzksj8n12r3w-texlive-combined-full-2024-final-texmfdist/tex/latex/cmap/cmap.sty
Package: cmap 2021/02/06 v1.0j CMap support: searchable PDF
) (/nix/store/lavaqw85ixs41sv6hv8qfzksj8n12r3w-texlive-combined-full-2024-final-texmfdist/tex/latex/minted/minted.sty
Package: minted 2025/03/06 v3.6.0 Yet another Pygments shim for LaTeX
 (/nix/store/lavaqw85ixs41sv6hv8qfzksj8n12r3w-texlive-combined-full-2024-final-texmfdist/tex/generic/catchfile/catchfile.sty
Package: catchfile 2019/12/09 v1.8 Catch the contents of a file (HO)
 (/nix/store/lavaqw85ixs41sv6hv8qfzksj8n12r3w-texlive-combined-full-2024-final-texmfdist/tex/generic/etexcmds/etexcmds.sty
Package: etexcmds 2019/12/15 v1.7 Avoid name clashes with e-TeX commands (HO)
)) (/nix/store/lavaqw85ixs41sv6hv8qfzksj8n12r3w-texlive-combined-full-2024-final-texmfdist/tex/latex/fvextra/fvextra.sty
Package: fvextra 2025/03/04 v1.12.0 fvextra - extensions and patches for fancyvrb
 (/nix/store/lavaqw85ixs41sv6hv8qfzksj8n12r3w-texlive-combined-full-2024-final-texmfdist/tex/latex/fancyvrb/fancyvrb.sty
Package: fancyvrb 2024/01/20 4.5c verbatim text (tvz,hv)
\FV@CodeLineNo=\count319
\FV@InFile=\read4
\FV@TabBox=\box80
\c@FancyVerbLine=\count320
\FV@StepNumber=\count321
\FV@OutFile=\write4
) (/nix/store/lavaqw85ixs41sv6hv8qfzksj8n12r3w-texlive-combined-full-2024-final-texmfdist/tex/generic/pdftexcmds/pdftexcmds.sty
Package: pdftexcmds 2020-06-27 v0.33 Utility functions of pdfTeX for LuaTeX (HO)
Package pdftexcmds Info: \pdf@primitive is available.
Package pdftexcmds Info: \pdf@ifprimitive is available.
Package pdftexcmds Info: \pdfdraftmode found.
\pdftexcmds@toks=\toks39
) (/nix/store/lavaqw85ixs41sv6hv8qfzksj8n12r3w-texlive-combined-full-2024-final-texmfdist/tex/latex/upquote/upquote.sty
Package: upquote 2012/04/19 v1.3 upright-quote and grave-accent glyphs in verbatim
 (/nix/store/lavaqw85ixs41sv6hv8qfzksj8n12r3w-texlive-combined-full-2024-final-texmfdist/tex/latex/base/textcomp.sty
Package: textcomp 2024/04/24 v2.1b Standard LaTeX package
)) (/nix/store/lavaqw85ixs41sv6hv8qfzksj8n12r3w-texlive-combined-full-2024-final-texmfdist/tex/latex/lineno/lineno.sty
Package: lineno 2025/01/29 line numbers on paragraphs v5.4
 (/nix/store/lavaqw85ixs41sv6hv8qfzksj8n12r3w-texlive-combined-full-2024-final-texmfdist/tex/latex/kvoptions/kvoptions.sty
Package: kvoptions 2022-06-15 v3.15 Key value format for package options (HO)
 (/nix/store/lavaqw85ixs41sv6hv8qfzksj8n12r3w-texlive-combined-full-2024-final-texmfdist/tex/latex/kvsetkeys/kvsetkeys.sty
Package: kvsetkeys 2022-10-05 v1.19 Key value parser (HO)
))
\linenopenalty=\count322
\output=\toks40
\linenoprevgraf=\count323
\linenumbersep=\dimen266
\linenumberwidth=\dimen267
\c@linenumber=\count324
\c@pagewiselinenumber=\count325
\c@LN@truepage=\count326
\c@internallinenumber=\count327
\c@internallinenumbers=\count328
\quotelinenumbersep=\dimen268
\bframerule=\dimen269
\bframesep=\dimen270
\bframebox=\box81
\@LN@amsmath@ams@eqpen=\count329
LaTeX Info: Redefining \\ on input line 3187.
)
\c@FancyVerbWriteLine=\count330
\c@FancyVerbBufferLine=\count331
\c@FV@TrueTabGroupLevel=\count332
\c@FV@TrueTabCounter=\count333
\FV@TabBox@Group=\box82
\FV@bgcolorstructbox=\box83
\FV@TmpLength=\skip54
\c@FV@HighlightLinesStart=\count334
\c@FV@HighlightLinesStop=\count335
\FV@LoopCount=\count336
\FV@NCharsBox=\box84
\FV@BreakIndent=\dimen271
\FV@BreakIndentNChars=\count337
\FV@BreakSymbolSepLeft=\dimen272
\FV@BreakSymbolSepLeftNChars=\count338
\FV@BreakSymbolSepRight=\dimen273
\FV@BreakSymbolSepRightNChars=\count339
\FV@BreakSymbolIndentLeft=\dimen274
\FV@BreakSymbolIndentLeftNChars=\count340
\FV@BreakSymbolIndentRight=\dimen275
\FV@BreakSymbolIndentRightNChars=\count341
\c@FancyVerbLineBreakLast=\count342
\FV@LineBox=\box85
\FV@LineIndentBox=\box86
\c@FV@BreakBufferDepth=\count343
\FV@LineWidth=\dimen276
) (/nix/store/lavaqw85ixs41sv6hv8qfzksj8n12r3w-texlive-combined-full-2024-final-texmfdist/tex/latex/latex2pydata/latex2pydata.sty
Package: latex2pydata 2025/03/03 v0.5.0 latex2pydata - write data to file in Python literal format
) (/nix/store/lavaqw85ixs41sv6hv8qfzksj8n12r3w-texlive-combined-full-2024-final-texmfdist/tex/latex/pgfopts/pgfopts.sty
Package: pgfopts 2014/07/10 v2.1a LaTeX package options with pgfkeys
\pgfopts@list@add@a@toks=\toks41
\pgfopts@list@add@b@toks=\toks42
) (/nix/store/lavaqw85ixs41sv6hv8qfzksj8n12r3w-texlive-combined-full-2024-final-texmfdist/tex/latex/tools/shellesc.sty
Package: shellesc 2023/07/08 v1.0d unified shell escape interface for LaTeX
Package shellesc Info: Restricted shell escape enabled on input line 77.
) (/nix/store/lavaqw85ixs41sv6hv8qfzksj8n12r3w-texlive-combined-full-2024-final-texmfdist/tex/latex/float/float.sty
Package: float 2001/11/08 v1.3d Float enhancements (AL)
\c@float@type=\count344
\float@exts=\toks43
\float@box=\box87
\@float@everytoks=\toks44
\@floatcapt=\box88
)
\c@minted@FancyVerbLineTemp=\count345
\@float@every@listing=\toks45
\c@listing=\count346
)
(/nix/store/lavaqw85ixs41sv6hv8qfzksj8n12r3w-texlive-combined-full-2024-final-texmfdist/tex/generic/babel/babel.sty
Package: babel 2025/02/14 v25.4 The multilingual framework for pdfLaTeX, LuaLaTeX and XeLaTeX
 (/nix/store/lavaqw85ixs41sv6hv8qfzksj8n12r3w-texlive-combined-full-2024-final-texmfdist/tex/generic/babel/luababel.def
\bbl@readstream=\read5
\l@dumylang=\language2
Package babel Info: Non-standard hyphenation setup on input line 118.
\l@nohyphenation=\language3
\l@vietnamese=\language4
\l@hebrew=\language5
\l@german-x-2024-02-28=\language6
\l@ngerman-x-2024-02-28=\language7
\l@afrikaans=\language8
\l@albanian=\language9
\l@ancientgreek=\language10
\l@ibycus=\language11
\l@arabic=\language12
\l@armenian=\language13
\l@basque=\language14
\l@belarusian=\language15
\l@bulgarian=\language16
\l@catalan=\language17
\l@pinyin=\language18
\l@churchslavonic=\language19
\l@coptic=\language20
\l@croatian=\language21
\l@czech=\language22
\l@danish=\language23
\l@dutch=\language24
\l@ukenglish=\language25
\l@usenglishmax=\language26
\l@esperanto=\language27
\l@estonian=\language28
\l@ethiopic=\language29
\l@farsi=\language30
\l@finnish=\language31
\l@schoolfinnish=\language32
\l@french=\language33
\l@friulan=\language34
\l@galician=\language35
\l@georgian=\language36
\l@german=\language37
\l@ngerman=\language38
\l@swissgerman=\language39
\l@greek=\language40
\l@monogreek=\language41
\l@hungarian=\language42
\l@icelandic=\language43
\l@assamese=\language44
\l@bengali=\language45
\l@gujarati=\language46
\l@hindi=\language47
\l@kannada=\language48
\l@malayalam=\language49
\l@marathi=\language50
\l@oriya=\language51
\l@pali=\language52
\l@panjabi=\language53
\l@tamil=\language54
\l@telugu=\language55
\l@indonesian=\language56
\l@interlingua=\language57
\l@irish=\language58
\l@italian=\language59
\l@kurmanji=\language60
\l@classiclatin=\language61
\l@latin=\language62
\l@liturgicallatin=\language63
\l@latvian=\language64
\l@lithuanian=\language65
\l@macedonian=\language66
\l@mongolian=\language67
\l@mongolianlmc=\language68
\l@bokmal=\language69
\l@nynorsk=\language70
\l@occitan=\language71
\l@piedmontese=\language72
\l@polish=\language73
\l@portuguese=\language74
\l@romanian=\language75
\l@romansh=\language76
\l@russian=\language77
\l@sanskrit=\language78
\l@serbian=\language79
\l@serbianc=\language80
\l@slovak=\language81
\l@slovenian=\language82
\l@spanish=\language83
\l@swedish=\language84
\l@thai=\language85
\l@turkish=\language86
\l@turkmen=\language87
\l@ukrainian=\language88
\l@uppersorbian=\language89
\l@welsh=\language90
\babelcatcodetablenum=\catcodetable14
\bbl@pattcodes=\catcodetable15
)
\babel@savecnt=\count347
\U@D=\dimen277
\l@unhyphenated=\language91
 (/nix/store/lavaqw85ixs41sv6hv8qfzksj8n12r3w-texlive-combined-full-2024-final-texmfdist/tex/generic/babel/luababel.def
\bbl@attr@locale=\attribute4
) (/nix/store/lavaqw85ixs41sv6hv8qfzksj8n12r3w-texlive-combined-full-2024-final-texmfdist/tex/generic/babel-english/english.ldf
Language: english 2017/06/06 v3.3r English support from the babel system
Package babel Info: Hyphen rules for 'canadian' set to \l@english
(babel)             (\language0). Reported on input line 102.
Package babel Info: Hyphen rules for 'australian' set to \l@ukenglish
(babel)             (\language25). Reported on input line 105.
Package babel Info: Hyphen rules for 'newzealand' set to \l@ukenglish
(babel)             (\language25). Reported on input line 108.
) (/nix/store/lavaqw85ixs41sv6hv8qfzksj8n12r3w-texlive-combined-full-2024-final-texmfdist/tex/generic/babel-russian/russianb.ldf
File: russianb.ldf 2021/01/10 1.3m Russian support for the Babel system
Language: russian 2020/09/09 1.3k Russian support for the Babel system
Package babel Info: Making " an active character on input line 124.
Package babel Info: Default for \cyrdash is provided on input line 163.
 (/nix/store/lavaqw85ixs41sv6hv8qfzksj8n12r3w-texlive-combined-full-2024-final-texmfdist/tex/generic/hyph-utf8/loadhyph/loadhyph-ru.tex UTF-8 Russian hyphenation patterns (/nix/store/lavaqw85ixs41sv6hv8qfzksj8n12r3w-texlive-combined-full-2024-final-texmfdist/tex/generic/hyph-utf8/patterns/tex/hyph-ru.tex)))) (/nix/store/lavaqw85ixs41sv6hv8qfzksj8n12r3w-texlive-combined-full-2024-final-texmfdist/tex/generic/babel/locale/ru/babel-russian.tex
Package babel Info: Importing font and identification data for russian
(babel)             from babel-ru.ini. Reported on input line 11.
) (/nix/store/lavaqw85ixs41sv6hv8qfzksj8n12r3w-texlive-combined-full-2024-final-texmfdist/tex/generic/babel/locale/en/babel-english.tex
Package babel Info: Importing font and identification data for english
(babel)             from babel-en.ini. Reported on input line 11.
) (/nix/store/lavaqw85ixs41sv6hv8qfzksj8n12r3w-texlive-combined-full-2024-final-texmfdist/tex/latex/microtype/microtype.sty
Package: microtype 2025/02/11 v3.2a Micro-typographical refinements (RS)
\MT@toks=\toks46
\MT@tempbox=\box89
\MT@count=\count348
LaTeX Info: Redefining \noprotrusionifhmode on input line 1087.
LaTeX Info: Redefining \leftprotrusion on input line 1088.
\MT@prot@toks=\toks47
LaTeX Info: Redefining \rightprotrusion on input line 1107.
LaTeX Info: Redefining \textls on input line 1449.
\MT@outer@kern=\dimen278
LaTeX Info: Redefining \microtypecontext on input line 2053.
LaTeX Info: Redefining \textmicrotypecontext on input line 2070.
\MT@listname@count=\count349
 (/nix/store/lavaqw85ixs41sv6hv8qfzksj8n12r3w-texlive-combined-full-2024-final-texmfdist/tex/latex/microtype/microtype-luatex.def
File: microtype-luatex.def 2025/02/11 v3.2a Definitions specific to luatex (RS)
Lua module: microtype 2025/02/11 v3.2a microtype module.
Module microtype Info: overwriting function `keepligature' on input line 63
LaTeX Info: Redefining \lsstyle on input line 779.
LaTeX Info: Redefining \lslig on input line 779.
\MT@outer@space=\skip55
)
Package microtype Info: Loading configuration file microtype.cfg.
 (/nix/store/lavaqw85ixs41sv6hv8qfzksj8n12r3w-texlive-combined-full-2024-final-texmfdist/tex/latex/microtype/microtype.cfg
File: microtype.cfg 2025/02/11 v3.2a microtype main configuration file (RS)
)
LaTeX Info: Redefining \microtypesetup on input line 3065.
) (/nix/store/lavaqw85ixs41sv6hv8qfzksj8n12r3w-texlive-combined-full-2024-final-texmfdist/tex/latex/fontspec/fontspec.sty (/nix/store/lavaqw85ixs41sv6hv8qfzksj8n12r3w-texlive-combined-full-2024-final-texmfdist/tex/latex/l3packages/xparse/xparse.sty (/nix/store/lavaqw85ixs41sv6hv8qfzksj8n12r3w-texlive-combined-full-2024-final-texmfdist/tex/latex/l3kernel/expl3.sty
Package: expl3 2025-01-18 L3 programming layer (loader) 

(/nix/store/lavaqw85ixs41sv6hv8qfzksj8n12r3w-texlive-combined-full-2024-final-texmfdist/tex/latex/l3backend/l3backend-luatex.def
File: l3backend-luatex.def 2024-05-08 L3 backend support: PDF output (LuaTeX)
\l__color_backend_stack_int=\count350
Inserting `l3color' in `luaotfload.parse_color'.
\l__pdf_internal_box=\box90
))
Package: xparse 2024-08-16 L3 Experimental document command parser
)
Package: fontspec 2024/05/11 v2.9e Font selection for XeLaTeX and LuaLaTeX
Lua module: fontspec 2024/05/11 v2.9e Font selection for XeLaTeX and LuaLaTeX (/nix/store/lavaqw85ixs41sv6hv8qfzksj8n12r3w-texlive-combined-full-2024-final-texmfdist/tex/latex/fontspec/fontspec-luatex.sty
Package: fontspec-luatex 2024/05/11 v2.9e Font selection for XeLaTeX and LuaLaTeX
\l__fontspec_script_int=\count351
\l__fontspec_language_int=\count352
\l__fontspec_strnum_int=\count353
\l__fontspec_tmp_int=\count354
\l__fontspec_tmpa_int=\count355
\l__fontspec_tmpb_int=\count356
\l__fontspec_tmpc_int=\count357
\l__fontspec_em_int=\count358
\l__fontspec_emdef_int=\count359
\l__fontspec_strong_int=\count360
\l__fontspec_strongdef_int=\count361
\l__fontspec_tmpa_dim=\dimen279
\l__fontspec_tmpb_dim=\dimen280
\l__fontspec_tmpc_dim=\dimen281
 (/nix/store/lavaqw85ixs41sv6hv8qfzksj8n12r3w-texlive-combined-full-2024-final-texmfdist/tex/latex/base/fontenc.sty
Package: fontenc 2021/04/29 v2.0v Standard LaTeX package
) (/nix/store/lavaqw85ixs41sv6hv8qfzksj8n12r3w-texlive-combined-full-2024-final-texmfdist/tex/latex/fontspec/fontspec.cfg))) (/nix/store/lavaqw85ixs41sv6hv8qfzksj8n12r3w-texlive-combined-full-2024-final-texmfdist/tex/latex/hyperref/hyperref.sty
Package: hyperref 2024-11-05 v7.01l Hypertext links for LaTeX
 (/nix/store/lavaqw85ixs41sv6hv8qfzksj8n12r3w-texlive-combined-full-2024-final-texmfdist/tex/generic/kvdefinekeys/kvdefinekeys.sty
Package: kvdefinekeys 2019-12-19 v1.6 Define keys (HO)
) (/nix/store/lavaqw85ixs41sv6hv8qfzksj8n12r3w-texlive-combined-full-2024-final-texmfdist/tex/generic/pdfescape/pdfescape.sty
Package: pdfescape 2019/12/09 v1.15 Implements pdfTeX's escape features (HO)
) (/nix/store/lavaqw85ixs41sv6hv8qfzksj8n12r3w-texlive-combined-full-2024-final-texmfdist/tex/latex/hycolor/hycolor.sty
Package: hycolor 2020-01-27 v1.10 Color options for hyperref/bookmark (HO)
) (/nix/store/lavaqw85ixs41sv6hv8qfzksj8n12r3w-texlive-combined-full-2024-final-texmfdist/tex/latex/hyperref/nameref.sty
Package: nameref 2023-11-26 v2.56 Cross-referencing by name of section
 (/nix/store/lavaqw85ixs41sv6hv8qfzksj8n12r3w-texlive-combined-full-2024-final-texmfdist/tex/latex/refcount/refcount.sty
Package: refcount 2019/12/15 v3.6 Data extraction from label references (HO)
) (/nix/store/lavaqw85ixs41sv6hv8qfzksj8n12r3w-texlive-combined-full-2024-final-texmfdist/tex/generic/gettitlestring/gettitlestring.sty
Package: gettitlestring 2019/12/15 v1.6 Cleanup title references (HO)
)
\c@section@level=\count362
) (/nix/store/lavaqw85ixs41sv6hv8qfzksj8n12r3w-texlive-combined-full-2024-final-texmfdist/tex/generic/stringenc/stringenc.sty
Package: stringenc 2019/11/29 v1.12 Convert strings between diff. encodings (HO)
)
\@linkdim=\dimen282
\Hy@linkcounter=\count363
\Hy@pagecounter=\count364
 (/nix/store/lavaqw85ixs41sv6hv8qfzksj8n12r3w-texlive-combined-full-2024-final-texmfdist/tex/latex/hyperref/pd1enc.def
File: pd1enc.def 2024-11-05 v7.01l Hyperref: PDFDocEncoding definition (HO)
) (/nix/store/lavaqw85ixs41sv6hv8qfzksj8n12r3w-texlive-combined-full-2024-final-texmfdist/tex/generic/intcalc/intcalc.sty
Package: intcalc 2019/12/15 v1.3 Expandable calculations with integers (HO)
)
\Hy@SavedSpaceFactor=\count365
 (/nix/store/lavaqw85ixs41sv6hv8qfzksj8n12r3w-texlive-combined-full-2024-final-texmfdist/tex/latex/hyperref/puenc.def
File: puenc.def 2024-11-05 v7.01l Hyperref: PDF Unicode definition (HO)
)
Package hyperref Info: Option `unicode' set `true' on input line 3143.
Package hyperref Info: Hyper figures OFF on input line 4157.
Package hyperref Info: Link nesting OFF on input line 4162.
Package hyperref Info: Hyper index ON on input line 4165.
Package hyperref Info: Plain pages OFF on input line 4172.
Package hyperref Info: Backreferencing OFF on input line 4177.
Package hyperref Info: Implicit mode ON; LaTeX internals redefined.
Package hyperref Info: Bookmarks ON on input line 4424.
\c@Hy@tempcnt=\count366
 (/nix/store/lavaqw85ixs41sv6hv8qfzksj8n12r3w-texlive-combined-full-2024-final-texmfdist/tex/latex/url/url.sty
\Urlmuskip=\muskip18
Package: url 2013/09/16  ver 3.4  Verb mode for urls, etc.
)
LaTeX Info: Redefining \url on input line 4763.
\XeTeXLinkMargin=\dimen283

(/nix/store/lavaqw85ixs41sv6hv8qfzksj8n12r3w-texlive-combined-full-2024-final-texmfdist/tex/generic/bitset/bitset.sty
Package: bitset 2019/12/09 v1.3 Handle bit-vector datatype (HO)
 (/nix/store/lavaqw85ixs41sv6hv8qfzksj8n12r3w-texlive-combined-full-2024-final-texmfdist/tex/generic/bigintcalc/bigintcalc.sty
Package: bigintcalc 2019/12/15 v1.5 Expandable calculations on big integers (HO)
))
\Fld@menulength=\count367
\Field@Width=\dimen284
\Fld@charsize=\dimen285
Package hyperref Info: Hyper figures OFF on input line 6042.
Package hyperref Info: Link nesting OFF on input line 6047.
Package hyperref Info: Hyper index ON on input line 6050.
Package hyperref Info: backreferencing OFF on input line 6057.
Package hyperref Info: Link coloring OFF on input line 6062.
Package hyperref Info: Link coloring with OCG OFF on input line 6067.
Package hyperref Info: PDF/A mode OFF on input line 6072.
 (/nix/store/lavaqw85ixs41sv6hv8qfzksj8n12r3w-texlive-combined-full-2024-final-texmfdist/tex/latex/base/atbegshi-ltx.sty
Package: atbegshi-ltx 2021/01/10 v1.0c Emulation of the original atbegshi
package with kernel methods
)
\Hy@abspage=\count368
\c@Item=\count369
\c@Hfootnote=\count370
)
Package hyperref Info: Driver (autodetected): hluatex.
 (/nix/store/lavaqw85ixs41sv6hv8qfzksj8n12r3w-texlive-combined-full-2024-final-texmfdist/tex/latex/hyperref/hluatex.def
File: hluatex.def 2024-11-05 v7.01l Hyperref driver for luaTeX
 (/nix/store/lavaqw85ixs41sv6hv8qfzksj8n12r3w-texlive-combined-full-2024-final-texmfdist/tex/latex/base/atveryend-ltx.sty
Package: atveryend-ltx 2020/08/19 v1.0a Emulation of the original atveryend package
with kernel methods
)
\Fld@listcount=\count371
\c@bookmark@seq@number=\count372
 (/nix/store/lavaqw85ixs41sv6hv8qfzksj8n12r3w-texlive-combined-full-2024-final-texmfdist/tex/latex/rerunfilecheck/rerunfilecheck.sty
Package: rerunfilecheck 2022-07-10 v1.10 Rerun checks for auxiliary files (HO)
 (/nix/store/lavaqw85ixs41sv6hv8qfzksj8n12r3w-texlive-combined-full-2024-final-texmfdist/tex/generic/uniquecounter/uniquecounter.sty
Package: uniquecounter 2019/12/15 v1.4 Provide unlimited unique counter (HO)
)
Package uniquecounter Info: New unique counter `rerunfilecheck' on input line 285.
)
\Hy@SectionHShift=\skip56
) (/nix/store/lavaqw85ixs41sv6hv8qfzksj8n12r3w-texlive-combined-full-2024-final-texmfdist/tex/latex/enumitem/enumitem.sty
Package: enumitem 2025/02/06 v3.11 Customized lists
\labelindent=\skip57
\enit@outerparindent=\dimen286
\enit@toks=\toks48
\enit@inbox=\box91
\enit@count@id=\count373
\enitdp@description=\count374
)

Package fontspec Info: 
(fontspec)             Font family 'TimesNewerRoman(0)' created for font
(fontspec)             'TimesNewerRoman' with options [Ligatures=TeX,Extension
(fontspec)             = .otf,Path =
(fontspec)             /nix/store/ihdqrn4p54awd89vrday9k53s8i47bbv-times-newer-roman-unstable-2018-09-11/share/fonts/opentype/,UprightFont
(fontspec)             = *-Regular,BoldFont = *-Bold].
(fontspec)              
(fontspec)              This font family consists of the following NFSS
(fontspec)             series/shapes:
(fontspec)              
(fontspec)             - 'normal' (m/n) with NFSS spec.:
(fontspec)             <->"[/nix/store/ihdqrn4p54awd89vrday9k53s8i47bbv-times-newer-roman-unstable-2018-09-11/share/fonts/opentype/TimesNewerRoman-Regular.otf]:mode=node;script=latn;language=dflt;+tlig;"
(fontspec)             - 'bold' (b/n) with NFSS spec.:
(fontspec)             <->"[/nix/store/ihdqrn4p54awd89vrday9k53s8i47bbv-times-newer-roman-unstable-2018-09-11/share/fonts/opentype/TimesNewerRoman-Bold.otf]:mode=node;script=latn;language=dflt;+tlig;"

luaotfload | cache : Lookup cache loaded from /home/replica/.texlive2024/texmf-var/luatex-cache/generic/names/luaotfload-lookup-cache.luc.

Package fontspec Info: 
(fontspec)             Font family 'UbuntuMono(0)' created for font 'Ubuntu
(fontspec)             Mono' with options
(fontspec)             [WordSpace={1,0,0},HyphenChar=None,PunctuationSpace=WordSpace].
(fontspec)              
(fontspec)              This font family consists of the following NFSS
(fontspec)             series/shapes:
(fontspec)              
(fontspec)             - 'normal' (m/n) with NFSS spec.: <->"name:Ubuntu
(fontspec)             Mono:mode=node;script=latn;language=dflt;"
(fontspec)             - 'bold' (b/n) with NFSS spec.: <->"name:Ubuntu
(fontspec)             Mono/B:mode=node;script=latn;language=dflt;"
(fontspec)             - 'italic' (m/it) with NFSS spec.: <->"name:Ubuntu
(fontspec)             Mono/I:mode=node;script=latn;language=dflt;"
(fontspec)             - 'bold italic' (b/it) with NFSS spec.: <->"name:Ubuntu
(fontspec)             Mono/BI:mode=node;script=latn;language=dflt;"

 (/nix/store/lavaqw85ixs41sv6hv8qfzksj8n12r3w-texlive-combined-full-2024-final-texmfdist/tex/latex/fontawesome5/fontawesome5.sty
Package: fontawesome5 2022/05/02 v5.15.4 Font Awesome 5
 (/nix/store/lavaqw85ixs41sv6hv8qfzksj8n12r3w-texlive-combined-full-2024-final-texmfdist/tex/latex/l3packages/l3keys2e/l3keys2e.sty
Package: l3keys2e 2024-08-16 LaTeX2e option processing using LaTeX3 keys
) (/nix/store/lavaqw85ixs41sv6hv8qfzksj8n12r3w-texlive-combined-full-2024-final-texmfdist/tex/latex/fontawesome5/fontawesome5-utex-helper.sty
Package: fontawesome5-utex-helper 2022/05/02 v5.15.4 uTeX helper for fontawesome5
 (/nix/store/lavaqw85ixs41sv6hv8qfzksj8n12r3w-texlive-combined-full-2024-final-texmfdist/tex/luatex/luatexbase/luatexbase.sty
Package: luatexbase 2015/10/04 v1.3 luatexbase interface to LuaTeX 
 (/nix/store/lavaqw85ixs41sv6hv8qfzksj8n12r3w-texlive-combined-full-2024-final-texmfdist/tex/luatex/ctablestack/ctablestack.sty
Package: ctablestack 2015/10/01 v1.0 Catcode table stable support
\@catcodetablestackcnt=\count375
)
\CatcodeTableOther=\catcodetable16
\CatcodeTableExpl=\catcodetable17
)
LaTeX Font Info:    Trying to load font information for TU+fontawesomefree on input line 69.
 (/nix/store/lavaqw85ixs41sv6hv8qfzksj8n12r3w-texlive-combined-full-2024-final-texmfdist/tex/latex/fontawesome5/tufontawesomefree.fd)
LaTeX Font Info:    Trying to load font information for TU+fontawesomebrands on input line 70.
 (/nix/store/lavaqw85ixs41sv6hv8qfzksj8n12r3w-texlive-combined-full-2024-final-texmfdist/tex/latex/fontawesome5/tufontawesomebrands.fd)))
(/nix/store/lavaqw85ixs41sv6hv8qfzksj8n12r3w-texlive-combined-full-2024-final-texmfdist/tex/latex/geometry/geometry.sty
Package: geometry 2020/01/02 v5.9 Page Geometry
 (/nix/store/lavaqw85ixs41sv6hv8qfzksj8n12r3w-texlive-combined-full-2024-final-texmfdist/tex/generic/iftex/ifvtex.sty
Package: ifvtex 2019/10/25 v1.7 ifvtex legacy package. Use iftex instead.
)
\Gm@cnth=\count376
\Gm@cntv=\count377
\c@Gm@tempcnt=\count378
\Gm@bindingoffset=\dimen287
\Gm@wd@mp=\dimen288
\Gm@odd@mp=\dimen289
\Gm@even@mp=\dimen290
\Gm@layoutwidth=\dimen291
\Gm@layoutheight=\dimen292
\Gm@layouthoffset=\dimen293
\Gm@layoutvoffset=\dimen294
\Gm@dimlist=\toks49
) (/nix/store/lavaqw85ixs41sv6hv8qfzksj8n12r3w-texlive-combined-full-2024-final-texmfdist/tex/latex/catppuccinpalette/catppuccinpalette.sty
Package: catppuccinpalette 2024/08/13 v1.1.0 catppuccin xcolor palette
) (/nix/store/lavaqw85ixs41sv6hv8qfzksj8n12r3w-texlive-combined-full-2024-final-texmfdist/tex/latex/setspace/setspace.sty
Package: setspace 2022/12/04 v6.7b set line spacing
) (/nix/store/lavaqw85ixs41sv6hv8qfzksj8n12r3w-texlive-combined-full-2024-final-texmfdist/tex/latex/fancyhdr/fancyhdr.sty
Package: fancyhdr 2025/02/07 v5.2 Extensive control of page headers and footers
\f@nch@headwidth=\skip58
\f@nch@offset@elh=\skip59
\f@nch@offset@erh=\skip60
\f@nch@offset@olh=\skip61
\f@nch@offset@orh=\skip62
\f@nch@offset@elf=\skip63
\f@nch@offset@erf=\skip64
\f@nch@offset@olf=\skip65
\f@nch@offset@orf=\skip66
\f@nch@height=\skip67
\f@nch@footalignment=\skip68
\f@nch@widthL=\skip69
\f@nch@widthC=\skip70
\f@nch@widthR=\skip71
\@temptokenb=\toks50
) (./lab3Handbook.aux)
\openout1 = lab3Handbook.aux

LaTeX Font Info:    Checking defaults for OML/cmm/m/it on input line 87.
LaTeX Font Info:    ... okay on input line 87.
LaTeX Font Info:    Checking defaults for OMS/cmsy/m/n on input line 87.
LaTeX Font Info:    ... okay on input line 87.
LaTeX Font Info:    Checking defaults for OT1/cmr/m/n on input line 87.
LaTeX Font Info:    ... okay on input line 87.
LaTeX Font Info:    Checking defaults for T1/cmr/m/n on input line 87.
LaTeX Font Info:    ... okay on input line 87.
LaTeX Font Info:    Checking defaults for TS1/cmr/m/n on input line 87.
LaTeX Font Info:    ... okay on input line 87.
LaTeX Font Info:    Checking defaults for TU/lmr/m/n on input line 87.
LaTeX Font Info:    ... okay on input line 87.
LaTeX Font Info:    Checking defaults for OMX/cmex/m/n on input line 87.
LaTeX Font Info:    ... okay on input line 87.
LaTeX Font Info:    Checking defaults for U/cmr/m/n on input line 87.
LaTeX Font Info:    ... okay on input line 87.
LaTeX Font Info:    Checking defaults for PD1/pdf/m/n on input line 87.
LaTeX Font Info:    ... okay on input line 87.
LaTeX Font Info:    Checking defaults for PU/pdf/m/n on input line 87.
LaTeX Font Info:    ... okay on input line 87.
 (/nix/store/lavaqw85ixs41sv6hv8qfzksj8n12r3w-texlive-combined-full-2024-final-texmfdist/tex/context/base/mkii/supp-pdf.mkii
[Loading MPS to PDF converter (version 2006.09.02).]
\scratchcounter=\count379
\scratchdimen=\dimen295
\scratchbox=\box92
\nofMPsegments=\count380
\nofMParguments=\count381
\everyMPshowfont=\toks51
\MPscratchCnt=\count382
\MPscratchDim=\dimen296
\MPnumerator=\count383
\makeMPintoPDFobject=\count384
\everyMPtoPDFconversion=\toks52
) (/nix/store/lavaqw85ixs41sv6hv8qfzksj8n12r3w-texlive-combined-full-2024-final-texmfdist/tex/latex/epstopdf-pkg/epstopdf-base.sty
Package: epstopdf-base 2020-01-24 v2.11 Base part for package epstopdf
Package epstopdf-base Info: Redefining graphics rule for `.eps' on input line 485.
 (/nix/store/lavaqw85ixs41sv6hv8qfzksj8n12r3w-texlive-combined-full-2024-final-texmfdist/tex/latex/latexconfig/epstopdf-sys.cfg
File: epstopdf-sys.cfg 2010/07/13 v1.3 Configuration of (r)epstopdf for TeX Live
))
\c@lstlisting=\count385
LaTeX Info: Redefining \th on input line 87.
LaTeX Info: Redefining \microtypecontext on input line 87.
Package microtype Info: Applying patch `item' on input line 87.
Package microtype Info: Applying patch `toc' on input line 87.
Package microtype Info: Applying patch `eqnum' on input line 87.
Package microtype Info: Applying patch `verbatim' on input line 87.
LaTeX Info: Redefining \microtypesetup on input line 87.
Package microtype Info: Generating PDF output.
Package microtype Info: Character protrusion enabled (level 2).
Package microtype Info: Using default protrusion set `alltext'.
Package microtype Info: Automatic font expansion enabled (level 2),
(microtype)             stretch: 20, shrink: 20, step: 1, non-selected.
Package microtype Info: Using default expansion set `alltext-nott'.
LaTeX Info: Redefining \showhyphens on input line 87.
Package microtype Info: No adjustment of tracking.
Package microtype Info: No adjustment of spacing.
Package microtype Info: No adjustment of kerning.
Package microtype Info: Loading generic protrusion settings for font family
(microtype)             `TimesNewerRoman' (encoding: TU).
(microtype)             For optimal results, create family-specific settings.
(microtype)             See the microtype manual for details.

Package fontspec Info: 
(fontspec)             Adjusting the maths setup (use [no-math] to avoid
(fontspec)             this).

\symlegacymaths=\mathgroup4
LaTeX Font Info:    Overwriting symbol font `legacymaths' in version `bold'
(Font)                  OT1/cmr/m/n --> OT1/cmr/bx/n on input line 87.
LaTeX Font Info:    Redeclaring math accent \acute on input line 87.
LaTeX Font Info:    Redeclaring math accent \grave on input line 87.
LaTeX Font Info:    Redeclaring math accent \ddot on input line 87.
LaTeX Font Info:    Redeclaring math accent \tilde on input line 87.
LaTeX Font Info:    Redeclaring math accent \bar on input line 87.
LaTeX Font Info:    Redeclaring math accent \breve on input line 87.
LaTeX Font Info:    Redeclaring math accent \check on input line 87.
LaTeX Font Info:    Redeclaring math accent \hat on input line 87.
LaTeX Font Info:    Redeclaring math accent \dot on input line 87.
LaTeX Font Info:    Redeclaring math accent \mathring on input line 87.
LaTeX Font Info:    Redeclaring math symbol \Gamma on input line 87.
LaTeX Font Info:    Redeclaring math symbol \Delta on input line 87.
LaTeX Font Info:    Redeclaring math symbol \Theta on input line 87.
LaTeX Font Info:    Redeclaring math symbol \Lambda on input line 87.
LaTeX Font Info:    Redeclaring math symbol \Xi on input line 87.
LaTeX Font Info:    Redeclaring math symbol \Pi on input line 87.
LaTeX Font Info:    Redeclaring math symbol \Sigma on input line 87.
LaTeX Font Info:    Redeclaring math symbol \Upsilon on input line 87.
LaTeX Font Info:    Redeclaring math symbol \Phi on input line 87.
LaTeX Font Info:    Redeclaring math symbol \Psi on input line 87.
LaTeX Font Info:    Redeclaring math symbol \Omega on input line 87.
LaTeX Font Info:    Redeclaring math symbol \mathdollar on input line 87.
LaTeX Font Info:    Redeclaring symbol font `operators' on input line 87.
LaTeX Font Info:    Encoding `OT1' has changed to `TU' for symbol font
(Font)              `operators' in the math version `normal' on input line 87.
LaTeX Font Info:    Overwriting symbol font `operators' in version `normal'
(Font)                  OT1/cmr/m/n --> TU/TimesNewerRoman(0)/m/n on input line 87.
LaTeX Font Info:    Encoding `OT1' has changed to `TU' for symbol font
(Font)              `operators' in the math version `bold' on input line 87.
LaTeX Font Info:    Overwriting symbol font `operators' in version `bold'
(Font)                  OT1/cmr/bx/n --> TU/TimesNewerRoman(0)/m/n on input line 87.
LaTeX Font Info:    Overwriting symbol font `operators' in version `normal'
(Font)                  TU/TimesNewerRoman(0)/m/n --> TU/TimesNewerRoman(0)/m/n on input line 87.
LaTeX Font Info:    Overwriting math alphabet `\mathit' in version `normal'
(Font)                  OT1/cmr/m/it --> TU/TimesNewerRoman(0)/m/it on input line 87.
LaTeX Font Info:    Overwriting math alphabet `\mathbf' in version `normal'
(Font)                  OT1/cmr/bx/n --> TU/TimesNewerRoman(0)/b/n on input line 87.
LaTeX Font Info:    Overwriting math alphabet `\mathsf' in version `normal'
(Font)                  OT1/cmss/m/n --> TU/lmss/m/n on input line 87.
LaTeX Font Info:    Overwriting math alphabet `\mathtt' in version `normal'
(Font)                  OT1/cmtt/m/n --> TU/UbuntuMono(0)/m/n on input line 87.
LaTeX Font Info:    Overwriting symbol font `operators' in version `bold'
(Font)                  TU/TimesNewerRoman(0)/m/n --> TU/TimesNewerRoman(0)/b/n on input line 87.
LaTeX Font Info:    Overwriting math alphabet `\mathit' in version `bold'
(Font)                  OT1/cmr/bx/it --> TU/TimesNewerRoman(0)/b/it on input line 87.
LaTeX Font Info:    Overwriting math alphabet `\mathsf' in version `bold'
(Font)                  OT1/cmss/bx/n --> TU/lmss/b/n on input line 87.
LaTeX Font Info:    Overwriting math alphabet `\mathtt' in version `bold'
(Font)                  OT1/cmtt/m/n --> TU/UbuntuMono(0)/b/n on input line 87.
Package hyperref Info: Link coloring OFF on input line 87.
 (./lab3Handbook.out) (./lab3Handbook.out)
\@outlinefile=\write5

\openout5 = lab3Handbook.out

*geometry* driver: auto-detecting
*geometry* detected driver: luatex
*geometry* verbose mode - [ preamble ] result:
* driver: luatex
* paper: <default>
* layout: <same size as paper>
* layoutoffset:(h,v)=(0.0pt,0.0pt)
* modes: includehead includefoot 
* h-part:(L,W,R)=(56.9055pt, 500.484pt, 56.9055pt)
* v-part:(T,H,B)=(28.45274pt, 738.0645pt, 28.45274pt)
* \paperwidth=614.295pt
* \paperheight=794.96999pt
* \textwidth=500.484pt
* \textheight=671.0645pt
* \oddsidemargin=-15.36449pt
* \evensidemargin=-15.36449pt
* \topmargin=-43.81725pt
* \headheight=15.2pt
* \headsep=25.0pt
* \topskip=12.0pt
* \footskip=30.0pt
* \marginparwidth=44.0pt
* \marginparsep=10.0pt
* \columnsep=10.0pt
* \skip\footins=10.8pt plus 4.0pt minus 2.0pt
* \hoffset=0.0pt
* \voffset=0.0pt
* \mag=1000
* \@twocolumnfalse
* \@twosidefalse
* \@mparswitchfalse
* \@reversemarginfalse
* (1in=72.27pt=25.4mm, 1cm=28.453pt)

(./lab3Handbook.toc (/nix/store/lavaqw85ixs41sv6hv8qfzksj8n12r3w-texlive-combined-full-2024-final-texmfdist/tex/latex/microtype/mt-TU-empty.cfg
File: mt-TU-empty.cfg 2021/06/22 v1.1 microtype config. file: fonts with nonstandard glyph set (RS)
)<<oml.cmap>><<oms.cmap>><<omx.cmap>><<ot1.cmap>> (/nix/store/lavaqw85ixs41sv6hv8qfzksj8n12r3w-texlive-combined-full-2024-final-texmfdist/tex/latex/microtype/mt-cmr.cfg
File: mt-cmr.cfg 2013/05/19 v2.2 microtype config. file: Computer Modern Roman (RS)
)
Package microtype Info: Loading generic protrusion settings for font family
(microtype)             `UbuntuMono' (encoding: TU).
(microtype)             For optimal results, create family-specific settings.
(microtype)             See the microtype manual for details.

Package fontspec Info: 
(fontspec)             Font family 'UbuntuNerdFont(0)' created for font
(fontspec)             'UbuntuNerdFont' with options [Extension = .ttf,Path =
(fontspec)             /nix/store/h721jafy2n74x4k5p0hxbz722h0rncmx-nerd-fonts-ubuntu-3.3.0+0.83/share/fonts/truetype/NerdFonts/Ubuntu/,UprightFont
(fontspec)             = *-Regular,BoldFont = *-Bold].
(fontspec)              
(fontspec)              This font family consists of the following NFSS
(fontspec)             series/shapes:
(fontspec)              
(fontspec)             - 'normal' (m/n) with NFSS spec.:
(fontspec)             <->"[/nix/store/h721jafy2n74x4k5p0hxbz722h0rncmx-nerd-fonts-ubuntu-3.3.0+0.83/share/fonts/truetype/NerdFonts/Ubuntu/UbuntuNerdFont-Regular.ttf]:mode=node;script=latn;language=dflt;"
(fontspec)             - 'bold' (b/n) with NFSS spec.:
(fontspec)             <->"[/nix/store/h721jafy2n74x4k5p0hxbz722h0rncmx-nerd-fonts-ubuntu-3.3.0+0.83/share/fonts/truetype/NerdFonts/Ubuntu/UbuntuNerdFont-Bold.ttf]:mode=node;script=latn;language=dflt;"

Package microtype Info: Loading generic protrusion settings for font family
(microtype)             `UbuntuNerdFont' (encoding: TU).
(microtype)             For optimal results, create family-specific settings.
(microtype)             See the microtype manual for details.
)
\tf@toc=\write6

\openout6 = lab3Handbook.toc


[1

{/nix/store/ch7h3j2zn6c044i3i3qpcz5fq6y2q9xs-texlive-combined-full-2024-final/share/texmf-var/fonts/map/pdftex/updmap/pdftex.map}] (./lab3Handbook.lol)
\tf@lol=\write7

\openout7 = lab3Handbook.lol


[2]

[3]

[4]

[5]

[6]

[7]

[8]
<fig/image 2.png, id=313, 517.935pt x 340.27126pt>
File: fig/image 2.png Graphic file (type png)
<use fig/image 2.png>
Package luatex.def Info: fig/image 2.png  used on input line 399.
(luatex.def)             Requested size: 275.26772pt x 180.85173pt.
<fig/image 3.png, id=315, 370.88562pt x 292.09125pt>
File: fig/image 3.png Graphic file (type png)
<use fig/image 3.png>
Package luatex.def Info: fig/image 3.png  used on input line 409.
(luatex.def)             Requested size: 275.26772pt x 216.79037pt.


[9<./fig/image 2.png><./fig/image 3.png>]
<fig/image 4.png, id=330, 367.3725pt x 125.46875pt>
File: fig/image 4.png Graphic file (type png)
<use fig/image 4.png>
Package luatex.def Info: fig/image 4.png  used on input line 421.
(luatex.def)             Requested size: 400.38872pt x 136.75438pt.


[10<./fig/image 4.png>]
\pydata@fh@_75543EBAA87A90477040A7F1CFD7A6ED.data.minted=\write8

\openout8 = _75543EBAA87A90477040A7F1CFD7A6ED.data.minted
runsystem(latexminted config  --timestamp 19800101030000 75543EBAA87A90477040A7F1CFD7A6ED)...executed.
 (./_75543EBAA87A90477040A7F1CFD7A6ED.config.minted)
runsystem(latexminted cleanconfig  --timestamp 19800101030000 75543EBAA87A90477040A7F1CFD7A6ED)...executed.
 (./_minted/catppuccin-mocha.style.minted) (./_minted/5CF03304E553DE71450E872645202DA1.highlight.minted)
Package hyperref Info: bookmark level for unknown listing defaults to 0 on input line 465.
 (./_minted/C7D7D9B7FE4E34624774CDEED966B201.highlight.minted)

[11] (./_minted/302970CA2489605154F554E8957312F9.highlight.minted) (./_minted/88C9D543E0C230206D9BBD1698768B82.highlight.minted)

[12]

[13] (./_minted/9DEC549E7E5968343E4CF3AFE6E22970.highlight.minted)

[14] (./_minted/F43296B242FC59981C1CDDB19EA9AA53.highlight.minted)

[15] (./_minted/F43296B242FC59981C1CDDB19EA9AA53.highlight.minted)

[16] (./_minted/F43296B242FC59981C1CDDB19EA9AA53.highlight.minted) (./_minted/F43296B242FC59981C1CDDB19EA9AA53.highlight.minted)

[17] (./_minted/F43296B242FC59981C1CDDB19EA9AA53.highlight.minted)

[18] (./_minted/F43296B242FC59981C1CDDB19EA9AA53.highlight.minted)

[19] (./_minted/F43296B242FC59981C1CDDB19EA9AA53.highlight.minted)

[20] (./_minted/F43296B242FC59981C1CDDB19EA9AA53.highlight.minted)

[21] (./_minted/F43296B242FC59981C1CDDB19EA9AA53.highlight.minted)

[22]

[23] (./_minted/F43296B242FC59981C1CDDB19EA9AA53.highlight.minted) (./_minted/F43296B242FC59981C1CDDB19EA9AA53.highlight.minted)

[24]

[25] (./_minted/F43296B242FC59981C1CDDB19EA9AA53.highlight.minted) (./_minted/F43296B242FC59981C1CDDB19EA9AA53.highlight.minted)

[26] (./_minted/F43296B242FC59981C1CDDB19EA9AA53.highlight.minted)

[27]

[28]
<fig/image 26.png, id=482, 509.905pt x 350.30875pt>
File: fig/image 26.png Graphic file (type png)
<use fig/image 26.png>
Package luatex.def Info: fig/image 26.png  used on input line 815.
(luatex.def)             Requested size: 500.484pt x 343.8508pt.


[29<./fig/image 26.png>]
<fig/image 27.png, id=491, 496.85625pt x 341.275pt>
File: fig/image 27.png Graphic file (type png)
<use fig/image 27.png>
Package luatex.def Info: fig/image 27.png  used on input line 829.
(luatex.def)             Requested size: 500.484pt x 343.77371pt.


[30<./fig/image 27.png>]
<fig/image 60.png, id=500, 516.93124pt x 357.335pt>
File: fig/image 60.png Graphic file (type png)
<use fig/image 60.png>
Package luatex.def Info: fig/image 60.png  used on input line 842.
(luatex.def)             Requested size: 500.484pt x 345.9766pt.


[31<./fig/image 60.png>]
<fig/image 61.png, id=510, 507.8975pt x 350.30875pt>
File: fig/image 61.png Graphic file (type png)
<use fig/image 61.png>
Package luatex.def Info: fig/image 61.png  used on input line 856.
(luatex.def)             Requested size: 500.484pt x 345.2085pt.


[32<./fig/image 61.png>]
<fig/image 62.png, id=519, 516.93124pt x 355.3275pt>
File: fig/image 62.png Graphic file (type png)
<use fig/image 62.png>
Package luatex.def Info: fig/image 62.png  used on input line 870.
(luatex.def)             Requested size: 500.484pt x 344.03288pt.


[33<./fig/image 62.png>]
<fig/image 63.png, id=528, 433.11812pt x 298.11375pt>
File: fig/image 63.png Graphic file (type png)
<use fig/image 63.png>
Package luatex.def Info: fig/image 63.png  used on input line 883.
(luatex.def)             Requested size: 500.484pt x 344.49757pt.


[34<./fig/image 63.png>]
<fig/image 64.png, id=538, 516.42938pt x 356.33125pt>
File: fig/image 64.png Graphic file (type png)
<use fig/image 64.png>
Package luatex.def Info: fig/image 64.png  used on input line 895.
(luatex.def)             Requested size: 500.484pt x 345.34184pt.


[35<./fig/image 64.png>]
<fig/image 65.png, id=547, 427.5975pt x 293.095pt>
File: fig/image 65.png Graphic file (type png)
<use fig/image 65.png>
Package luatex.def Info: fig/image 65.png  used on input line 906.
(luatex.def)             Requested size: 500.484pt x 343.05392pt.


[36<./fig/image 65.png>]
<fig/image 66.png, id=556, 484.81125pt x 335.2525pt>
File: fig/image 66.png Graphic file (type png)
<use fig/image 66.png>
Package luatex.def Info: fig/image 66.png  used on input line 917.
(luatex.def)             Requested size: 500.484pt x 346.10684pt.


[37<./fig/image 66.png>]
<fig/image 67.png, id=565, 497.86pt x 342.27875pt>
File: fig/image 67.png Graphic file (type png)
<use fig/image 67.png>
Package luatex.def Info: fig/image 67.png  used on input line 930.
(luatex.def)             Requested size: 500.484pt x 344.09018pt.


[38<./fig/image 67.png>]

[39] (./lab3Handbook.aux)
 ***********
LaTeX2e <2024-11-01> patch level 2
L3 programming layer <2025-01-18>
 ***********
Package rerunfilecheck Info: File `lab3Handbook.out' has not changed.
(rerunfilecheck)             Checksum: 81416A9CB83A804D58CBA5D3524B0F9E;6233.
)

Here is how much of LuaTeX's memory you used:
 41367 strings out of 475512
 195337,1648299 words of node,token memory allocated
 1454 words of node memory still in use:
   32 hlist, 2 vlist, 14 rule, 1 local_par, 11 glue, 4 kern, 1 penalty, 3 glyph, 98 attribute, 57 glue_spec, 87 attribute_list, 2 write, 24 pdf_literal, 24 pdf_colorstack nodes
   avail lists: 1:4,2:13193,3:404,4:1570,5:1387,6:141,7:9890,8:4,9:4083,10:135,11:1146
 63147 multiletter control sequences out of 65536+600000
 96 fonts using 31258103 bytes
 116i,11n,114p,1008b,1088s stack positions out of 10000i,1000n,20000p,200000b,200000s

warning  (pdf backend): unreferenced destination with name 'Hfootnote.4'

warning  (pdf backend): unreferenced destination with name 'Hfootnote.3'

warning  (pdf backend): unreferenced destination with name 'Hfootnote.2'

warning  (pdf backend): unreferenced destination with name 'Hfootnote.1'
</nix/store/h721jafy2n74x4k5p0hxbz722h0rncmx-nerd-fonts-ubuntu-3.3.0+0.83/share/fonts/truetype/NerdFonts/Ubuntu/UbuntuNerdFont-Regular.ttf></nix/store/bkbr36m8qhq75sbbv5rqzdxqja50ang4-fontawesome5-5.15.4-tex/fonts/opentype/public/fontawesome5/FontAwesome5Brands-Regular-400.otf></nix/store/h721jafy2n74x4k5p0hxbz722h0rncmx-nerd-fonts-ubuntu-3.3.0+0.83/share/fonts/truetype/NerdFonts/Ubuntu/UbuntuNerdFont-Bold.ttf></nix/store/5zbz3nfkwqjg6xskcay063qziinzl8ix-ubuntu-classic-0.83-6ubuntu2/share/fonts/truetype/ubuntu/UbuntuMono-R.ttf></nix/store/ihdqrn4p54awd89vrday9k53s8i47bbv-times-newer-roman-unstable-2018-09-11/share/fonts/opentype/TimesNewerRoman-Regular.otf></nix/store/bkbr36m8qhq75sbbv5rqzdxqja50ang4-fontawesome5-5.15.4-tex/fonts/opentype/public/fontawesome5/FontAwesome5Free-Solid-900.otf></nix/store/ihdqrn4p54awd89vrday9k53s8i47bbv-times-newer-roman-unstable-2018-09-11/share/fonts/opentype/TimesNewerRoman-Bold.otf></nix/store/lavaqw85ixs41sv6hv8qfzksj8n12r3w-texlive-combined-full-2024-final-texmfdist/fonts/type1/public/amsfonts/cm/cmmi6.pfb></nix/store/lavaqw85ixs41sv6hv8qfzksj8n12r3w-texlive-combined-full-2024-final-texmfdist/fonts/type1/public/amsfonts/cm/cmsy6.pfb>
Output written on lab3Handbook.pdf (39 pages, 1394112 bytes).

PDF statistics: 647 PDF objects out of 1000 (max. 8388607)
 522 compressed objects within 6 object streams
 156 named destinations out of 1000 (max. 131072)
 468 words of extra memory for PDF output out of 10000 (max. 100000000)

