\BOOKMARK [1][-]{section.1}{\376\377\004\046\004\065\004\073\004\114\000\040\004\100\004\060\004\061\004\076\004\102\004\113\000\040}{}% 1
\BOOKMARK [1][-]{section.2}{\376\377\004\042\004\065\004\076\004\100\004\065\004\102\004\070\004\107\004\065\004\101\004\072\004\070\004\065\000\040\004\101\004\062\004\065\004\064\004\065\004\075\004\070\004\117\000\040}{}% 2
\BOOKMARK [1][-]{section.3}{\376\377\004\037\004\076\004\100\004\117\004\064\004\076\004\072\000\040\004\062\004\113\004\077\004\076\004\073\004\075\004\065\004\075\004\070\004\117\000\040\004\100\004\060\004\061\004\076\004\102\004\113\000\040}{}% 3
\BOOKMARK [2][-]{subsection.3.1}{\376\377\004\037\004\065\004\100\004\062\004\070\004\107\004\075\004\060\004\117\000\040\004\075\004\060\004\101\004\102\004\100\004\076\004\071\004\072\004\060\000\040\004\061\004\060\004\067\004\113\000\040\004\064\004\060\004\075\004\075\004\113\004\105}{section.3}% 4
\BOOKMARK [2][-]{subsection.3.2}{\376\377\004\027\004\060\004\077\004\103\004\101\004\072\000\040\004\077\004\100\004\076\004\065\004\072\004\102\004\060}{section.3}% 5
\BOOKMARK [1][-]{section.4}{\376\377\004\030\004\101\004\105\004\076\004\064\004\075\004\113\004\071\000\040\004\072\004\076\004\064\000\040\004\070\000\040\004\072\004\076\004\074\004\074\004\065\004\075\004\102\004\060\004\100\004\070\004\070\000\040}{}% 6
\BOOKMARK [2][-]{subsection.4.1}{\376\377\000R\000e\000l\000a\000y\000C\000o\000m\000m\000a\000n\000d\000.\000c\000s\000\040\040\024\000\040\004\100\004\065\004\060\004\073\004\070\004\067\004\060\004\106\004\070\004\117\000\040\004\072\004\076\004\074\004\060\004\075\004\064\004\113\000\040\000M\000V\000V\000M}{section.4}% 7
\BOOKMARK [2][-]{subsection.4.2}{\376\377\000S\000t\000o\000r\000e\000D\000b\000C\000o\000n\000t\000e\000x\000t\000.\000c\000s\000\040\040\024\000\040\004\072\004\076\004\075\004\102\004\065\004\072\004\101\004\102\000\040\004\061\004\060\004\067\004\113\000\040\004\064\004\060\004\075\004\075\004\113\004\105}{section.4}% 8
\BOOKMARK [2][-]{subsection.4.3}{\376\377\000C\000a\000r\000t\000I\000t\000e\000m\000.\000c\000s\000\040\040\024\000\040\004\115\004\073\004\065\004\074\004\065\004\075\004\102\000\040\004\072\004\076\004\100\004\067\004\070\004\075\004\113}{section.4}% 9
\BOOKMARK [2][-]{subsection.4.4}{\376\377\000M\000a\000i\000n\000V\000i\000e\000w\000M\000o\000d\000e\000l\000.\000c\000s\000\040\040\024\000\040\004\076\004\101\004\075\004\076\004\062\004\075\004\060\004\117\000\040\004\073\004\076\004\063\004\070\004\072\004\060\000\040\004\062\004\067\004\060\004\070\004\074\004\076\004\064\004\065\004\071\004\101\004\102\004\062\004\070\004\117\000\040\004\101\000\040\000U\000I}{section.4}% 10
\BOOKMARK [2][-]{subsection.4.5}{\376\377\004\040\004\065\004\077\004\076\004\067\004\070\004\102\004\076\004\100\004\070\004\071\000\040\000P\000r\000o\000d\000u\000c\000t\000R\000e\000p\000o\000s\000i\000t\000o\000r\000y\000.\000c\000s\000\040\040\024\000\040\004\076\004\077\004\065\004\100\004\060\004\106\004\070\004\070\000\040\004\101\000\040\004\102\004\076\004\062\004\060\004\100\004\060\004\074\004\070}{section.4}% 11
\BOOKMARK [2][-]{subsection.4.6}{\376\377\004\040\004\065\004\077\004\076\004\067\004\070\004\102\004\076\004\100\004\070\004\071\000\040\000O\000r\000d\000e\000r\000R\000e\000p\000o\000s\000i\000t\000o\000r\000y\000.\000c\000s\000\040\040\024\000\040\004\100\004\060\004\061\004\076\004\102\004\060\000\040\004\101\000\040\004\067\004\060\004\072\004\060\004\067\004\060\004\074\004\070}{section.4}% 12
\BOOKMARK [2][-]{subsection.4.7}{\376\377\000P\000r\000o\000d\000u\000c\000t\000V\000i\000e\000w\000M\000o\000d\000e\000l\000.\000c\000s\000\040\040\024\000\040\004\103\004\077\004\100\004\060\004\062\004\073\004\065\004\075\004\070\004\065\000\040\004\064\004\060\004\075\004\075\004\113\004\074\004\070\000\040\004\102\004\076\004\062\004\060\004\100\004\076\004\062}{section.4}% 13
\BOOKMARK [2][-]{subsection.4.8}{\376\377\000O\000r\000d\000e\000r\000V\000i\000e\000w\000M\000o\000d\000e\000l\000.\000c\000s\000\040\040\024\000\040\004\103\004\077\004\100\004\060\004\062\004\073\004\065\004\075\004\070\004\065\000\040\004\067\004\060\004\072\004\060\004\067\004\060\004\074\004\070}{section.4}% 14
\BOOKMARK [1][-]{section.5}{\376\377\004\040\004\060\004\061\004\076\004\102\004\060\000\040\004\101\000\040\000X\000A\000M\000L\000-\004\070\004\075\004\102\004\065\004\100\004\104\004\065\004\071\004\101\004\076\004\074\000\040}{}% 15
\BOOKMARK [2][-]{subsection.5.1}{\376\377\004\037\004\100\004\070\004\062\004\117\004\067\004\072\004\060\000\040\004\072\004\076\004\075\004\102\004\065\004\072\004\101\004\102\004\060\000\040\004\072\000\040\000V\000i\000e\000w\000M\000o\000d\000e\000l}{section.5}% 16
\BOOKMARK [2][-]{subsection.5.2}{\376\377\004\036\004\102\004\076\004\061\004\100\004\060\004\066\004\065\004\075\004\070\004\065\000\040\004\101\004\077\004\070\004\101\004\072\004\060\000\040\004\077\004\100\004\076\004\064\004\103\004\072\004\102\004\076\004\062}{section.5}% 17
\BOOKMARK [2][-]{subsection.5.3}{\376\377\004\032\004\076\004\074\004\060\004\075\004\064\004\113\000\040\004\072\004\075\004\076\004\077\004\076\004\072}{section.5}% 18
\BOOKMARK [1][-]{section.6}{\376\377\004\037\004\100\004\070\004\074\004\065\004\100\004\113\000\040\004\070\004\075\004\102\004\065\004\100\004\104\004\065\004\071\004\101\004\060\000\040\004\077\004\076\004\073\004\114\004\067\004\076\004\062\004\060\004\102\004\065\004\073\004\117\000\040}{}% 19
\BOOKMARK [1][-]{section.7}{\376\377\004\032\004\076\004\075\004\102\004\100\004\076\004\073\004\114\004\075\004\113\004\065\000\040\004\062\004\076\004\077\004\100\004\076\004\101\004\113\000\040}{}% 20
